<?xml version="1.0" encoding="UTF-8"?>
<robot generator="Robot 3.1.2 (Python 3.8.1 on win32)" generated="20200812 11:11:22.622" rpa="false">
<suite id="s1" name="Api20 Tokens Pairs" source="D:\AutomationWorkspace\RobotFramework\Projects\APIExample1\Testcases\readJsonData\api20_tokens_pairs.robot">
<test id="s1-t1" name="TC01: Read Data on DEV env from currencies.json">
<kw name="Create API Session '${url_api}'">
<doc>Create a session for API</doc>
<kw name="Create Session" library="RequestsLibrary">
<doc>Create Session: create a HTTP session to a server</doc>
<arguments>
<arg>httprequest</arg>
<arg>${url_api}</arg>
</arguments>
<msg timestamp="20200812 11:11:23.896" level="INFO">Creating Session using : alias=httprequest, url=https://api.kyber.network, headers={},                     cookies={}, auth=None, timeout=None, proxies=None, verify=False,                     debug=0 </msg>
<status status="PASS" starttime="20200812 11:11:23.895" endtime="20200812 11:11:23.896"></status>
</kw>
<kw name="Set Global Variable" library="BuiltIn">
<doc>Makes a variable available globally in all tests and suites.</doc>
<arguments>
<arg>${httprequest}</arg>
<arg>httprequest</arg>
</arguments>
<msg timestamp="20200812 11:11:23.899" level="INFO">${httprequest} = httprequest</msg>
<status status="PASS" starttime="20200812 11:11:23.897" endtime="20200812 11:11:23.899"></status>
</kw>
<status status="PASS" starttime="20200812 11:11:23.893" endtime="20200812 11:11:23.899"></status>
</kw>
<kw name="Send Request API '${tokens_pairs}' Response">
<kw name="Get Request" library="RequestsLibrary">
<doc>Send a GET request on the session object found using the
given `alias`</doc>
<arguments>
<arg>${httprequest}</arg>
<arg>${api_name}</arg>
</arguments>
<assign>
<var>${resp}</var>
</assign>
<msg timestamp="20200812 11:11:23.902" level="INFO">GET Request using : uri=/api/tokens/pairs, params=None, allow_redirects=True, timeout=None
headers={'User-Agent': 'python-requests/2.22.0', 'Accept-Encoding': 'gzip, deflate', 'Accept': '*/*', 'Connection': 'keep-alive'} 
data=None 
json=None</msg>
<msg timestamp="20200812 11:11:24.396" level="INFO">d:\automationworkspace\robotframework\projects\apiexample1\venv\lib\site-packages\urllib3\connectionpool.py:997: InsecureRequestWarning: Unverified HTTPS request is being made to host 'api.kyber.network'. Adding certificate verification is strongly advised. See: https://urllib3.readthedocs.io/en/latest/advanced-usage.html#ssl-warnings
  warnings.warn(</msg>
<msg timestamp="20200812 11:11:24.396" level="INFO">${resp} = &lt;Response [200]&gt;</msg>
<status status="PASS" starttime="20200812 11:11:23.901" endtime="20200812 11:11:24.396"></status>
</kw>
<kw name="To Json" library="RequestsLibrary">
<doc>Convert a string to a JSON object</doc>
<arguments>
<arg>${resp.content}</arg>
</arguments>
<assign>
<var>${jsondata}</var>
</assign>
<msg timestamp="20200812 11:11:24.398" level="INFO">To JSON using : content={"ETH_2KEY":{"symbol":"2KEY","name":"TwoKeyEconomy","contractAddress":"0xe48972fcd82a274411c01834e2f031d4377fa2c0","decimals":18,"currentPrice":0.000216621214648325,"lastPrice":0.00021910575580859503,"lastTimestamp":1597205411,"baseVolume":648723.4673718801,"quoteVolume":183.30812751773894},"ETH_ABYSS":{"symbol":"ABYSS","name":"ABYSS","contractAddress":"0x0e8d6b471e332f140e7d9dbb99e5e3822f728da6","decimals":18,"currentPrice":0.00004605715445294,"lastPrice":0.00004671511034889695,"lastTimestamp":1597205411,"baseVolume":6019528.265210161,"quoteVolume":266.32481132486697},"ETH_AMPL":{"symbol":"AMPL","name":"Ampleforth","contractAddress":"0xd46ba6d942050d489dbd938a2c909a5d5039a161","decimals":9,"currentPrice":0.002493899286897446,"lastPrice":0.002321048143868329,"lastTimestamp":1597205411,"baseVolume":172931.895696846,"quoteVolume":337.2127218669326},"ETH_ANT":{"symbol":"ANT","name":"Aragon","contractAddress":"0x960b236a07cf122663c4303350609a66a7b288c0","decimals":18,"currentPrice":0.01135103419383882,"lastPrice":0.010158740279560296,"lastTimestamp":1597205411,"baseVolume":10552.472515187788,"quoteVolume":105.81618538176255},"ETH_BAM":{"symbol":"BAM","name":"Bamboo","contractAddress":"0x22b3faaa8df978f6bafe18aade18dc2e3dfa0e0c","decimals":18,"currentPrice":0,"lastPrice":0,"lastTimestamp":1597205,"baseVolume":0,"quoteVolume":0},"ETH_BAND":{"symbol":"BAND","name":"Band Protocol","contractAddress":"0xba11d00c5f74255f56a5e366f4f77f5a186d7f55","decimals":18,"currentPrice":0.030762346302232936,"lastPrice":0.029878458488414337,"lastTimestamp":1597205411,"baseVolume":10837.29464327301,"quoteVolume":366.80144347111855},"ETH_BAT":{"symbol":"BAT","name":"Basic Attention Token","contractAddress":"0x0d8775f648430679a709e98d2b0cb6250d2887ef","decimals":18,"currentPrice":0.000677515287070197,"lastPrice":0.000671602489941276,"lastTimestamp":1597205411,"baseVolume":148942.00500394276,"quoteVolume":102.4886446856909},"ETH_BLZ":{"symbol":"BLZ","name":"Bluzelle","contractAddress":"0x5732046a883704404f284ce41ffadd5b007fd668","decimals":18,"currentPrice":0,"lastPrice":0.000302700991559497,"lastTimestamp":1597205411,"baseVolume":82393.009721059,"quoteVolume":27.15717874654819},"ETH_BNT":{"symbol":"BNT","name":"Bancor","contractAddress":"0x1f573d6fb3f13d689ff844b4ce37794d79a7ff1c","decimals":18,"currentPrice":0.005682475590855509,"lastPrice":0.005710946244848589,"lastTimestamp":1597205411,"baseVolume":111113.830995472,"quoteVolume":628.9575409764741},"ETH_BTU":{"symbol":"BTU","name":"BTU Protocol","contractAddress":"0xb683d83a532e2cb7dfa5275eed3698436371cc9f","decimals":18,"currentPrice":0,"lastPrice":0,"lastTimestamp":1597205,"baseVolume":0,"quoteVolume":0},"ETH_BUSD":{"symbol":"BUSD","name":"Binance USD","contractAddress":"0x4fabb145d64652a948d72533023f6e7a623c7c53","decimals":18,"currentPrice":0,"lastPrice":0.00268267873448472,"lastTimestamp":1597205411,"baseVolume":2065.1024606517863,"quoteVolume":5.4299562523522535},"ETH_BZRX":{"symbol":"BZRX","name":"bZx Protocol Token","contractAddress":"0x56d811088235f11c8920698a204a5010a788f4b3","decimals":18,"currentPrice":0.001103958243587813,"lastPrice":0.0010979124490679585,"lastTimestamp":1597205411,"baseVolume":496005.5800915626,"quoteVolume":618.9763169298155},"ETH_CND":{"symbol":"CND","name":"Cindicator","contractAddress":"0xd4c435f5b09f855c3317c8524cb1f586e42795fa","decimals":18,"currentPrice":0.00002958670393712,"lastPrice":0.000029801458878506,"lastTimestamp":1597205411,"baseVolume":1023214.6582832122,"quoteVolume":30.434754840988724},"ETH_COMP":{"symbol":"COMP","name":"Compound","contractAddress":"0xc00e94cb662c3520282e6f5717214004a7f26888","decimals":18,"currentPrice":0.6976872376481529,"lastPrice":0.6089201374512199,"lastTimestamp":1597205411,"baseVolume":1258.347854057176,"quoteVolume":685.9404361892944},"ETH_CVC":{"symbol":"CVC","name":"Civic","contractAddress":"0x41e5560054824ea6b0732e656e3ad64e20e94e45","decimals":8,"currentPrice":0,"lastPrice":0.00008694271148196,"lastTimestamp":1597205411,"baseVolume":47108.03446224695,"quoteVolume":4.2416480422683644},"ETH_DAI":{"symbol":"DAI","name":"DAI","contractAddress":"0x6b175474e89094c44da98b954eedeac495271d0f","decimals":18,"currentPrice":0.002678959037816169,"lastPrice":0.002689244080044307,"lastTimestamp":1597205411,"baseVolume":1332871.2423720143,"quoteVolume":3580.387227338706},"ETH_DGX":{"symbol":"DGX","name":"Digix Gold Token","contractAddress":"0x4f3afec4e5a3f2a6a1a411def7d7dfe50ee057bf","decimals":9,"currentPrice":0,"lastPrice":0.1601388258512409,"lastTimestamp":1597205411,"baseVolume":428.785644,"quoteVolume":69.21810961658339},"ETH_EKG":{"symbol":"EKG","name":"Ekon Gold","contractAddress":"0x6a9b3e36436b7abde8c4e2e2a98ea40455e615cf","decimals":18,"currentPrice":0,"lastPrice":0,"lastTimestamp":1597205,"baseVolume":0,"quoteVolume":0},"ETH_ELF":{"symbol":"ELF","name":"Aelf","contractAddress":"0xbf2179859fc6d5bee9bf9158632dc51678a4100e","decimals":18,"currentPrice":0,"lastPrice":0.00028059752643947193,"lastTimestamp":1597205411,"baseVolume":22784.12358765801,"quoteVolume":6.464081784619275},"ETH_ENJ":{"symbol":"ENJ","name":"Enjin Coin","contractAddress":"0xf629cbd94d3791c9250152bd8dfbdf380e2a3b9c","decimals":18,"currentPrice":0,"lastPrice":0.000530832115712729,"lastTimestamp":1597205411,"baseVolume":112131.6061768085,"quoteVolume":58.94997302726851},"ETH_EQUAD":{"symbol":"EQUAD","name":"Quadrant Protocol","contractAddress":"0xc28e931814725bbeb9e670676fabbcb694fe7df2","decimals":18,"currentPrice":0.000008803940177891,"lastPrice":0.000008801237254421209,"lastTimestamp":1597205411,"baseVolume":434039.08801683376,"quoteVolume":3.856824241253762},"ETH_EURS":{"symbol":"EURS","name":"STASIS EURS","contractAddress":"0xdb25f211ab05b1c97d595516f45794528a807ad8","decimals":2,"currentPrice":0,"lastPrice":0,"lastTimestamp":1597205,"baseVolume":0,"quoteVolume":0},"ETH_FXC":{"symbol":"FXC","name":"Flexacoin","contractAddress":"0x4a57e687b9126435a9b19e4a802113e266adebde","decimals":18,"currentPrice":0,"lastPrice":0,"lastTimestamp":1597205,"baseVolume":0,"quoteVolume":0},"ETH_GDC":{"symbol":"GDC","name":"Global Digital Content","contractAddress":"0x301c755ba0fca00b1923768fffb3df7f4e63af31","decimals":18,"currentPrice":0,"lastPrice":0.000003906213075139,"lastTimestamp":1597205411,"baseVolume":417336.5093136221,"quoteVolume":1.635146464911835},"ETH_GEN":{"symbol":"GEN","name":"DAOStack","contractAddress":"0x543ff227f64aa17ea132bf9886cab5db55dcaddf","decimals":18,"currentPrice":0.000590760153340447,"lastPrice":0.0005884140041171236,"lastTimestamp":1597205411,"baseVolume":163542.8981308192,"quoteVolume":96.99337306870493},"ETH_GHT":{"symbol":"GHT","name":"Global Human Trust","contractAddress":"0xbe30f684d62c9f7883a75a29c162c332c0d98f23","decimals":18,"currentPrice":0,"lastPrice":0,"lastTimestamp":1597205,"baseVolume":0,"quoteVolume":0},"ETH_GNO":{"symbol":"GNO","name":"Gnosis","contractAddress":"0x6810e776880c02933d47db1b9fc05908e5386b96","decimals":18,"currentPrice":0.08080860753206784,"lastPrice":0.08146446180980003,"lastTimestamp":1597205411,"baseVolume":20.129853,"quoteVolume":1.6398676409553887},"ETH_HUSD":{"symbol":"HUSD","name":"HUSD","contractAddress":"0xdf574c24545e5ffecb9a659c229253d4111d87e1","decimals":8,"currentPrice":0,"lastPrice":0.0026211103182037817,"lastTimestamp":1597205,"baseVolume":0,"quoteVolume":0},"ETH_IOST":{"symbol":"IOST","name":"IOStoken","contractAddress":"0xfa1a856cfa3409cfa145fa4e20eb270df3eb21ab","decimals":18,"currentPrice":0,"lastPrice":0,"lastTimestamp":1597205,"baseVolume":0,"quoteVolume":0},"ETH_KAI":{"symbol":"KAI","name":"KardiaChain","contractAddress":"0xbd6467a31899590474ce1e84f70594c53d628e46","decimals":18,"currentPrice":0.000058734361975334,"lastPrice":0.000059084416110147524,"lastTimestamp":1597205411,"baseVolume":1278435.3897298824,"quoteVolume":79.0069371154281},"ETH_KEY":{"symbol":"KEY","name":"SelfKey","contractAddress":"0x4cc19356f2d37338b9802aa8e8fc58b0373296e7","decimals":18,"currentPrice":0.000004895685900184,"lastPrice":0.000004927761872582,"lastTimestamp":1597205411,"baseVolume":2240791.1156171784,"quoteVolume":11.500890054094315},"ETH_KNC":{"symbol":"KNC","name":"KyberNetwork","contractAddress":"0xdd974d5c2e2928dea5f71b9825b8b646686bd200","decimals":18,"currentPrice":0.004233653786605043,"lastPrice":0.0041836101643389564,"lastTimestamp":1597205411,"baseVolume":321294.00593188795,"quoteVolume":1328.7867608589775},"ETH_LEND":{"symbol":"LEND","name":"EthLend","contractAddress":"0x80fb784b7ed66730e8b1dbd9820afd29931aab03","decimals":18,"currentPrice":0.00117538306827737,"lastPrice":0.0011749942561126742,"lastTimestamp":1597205411,"baseVolume":2090803.9422503407,"quoteVolume":2187.9815907656966},"ETH_LINK":{"symbol":"LINK","name":"Chain Link","contractAddress":"0x514910771af9ca656af840dff83e8264ecf986ca","decimals":18,"currentPrice":0.034208175064058134,"lastPrice":0.0342603553406502,"lastTimestamp":1597205411,"baseVolume":91871.77183120567,"quoteVolume":3094.1163537701523},"ETH_LOOM":{"symbol":"LOOM","name":"Loom Network","contractAddress":"0xa4e8c3ec456107ea67d3075bf9e3df3a75823db0","decimals":18,"currentPrice":0,"lastPrice":0.00006492349564724014,"lastTimestamp":1597205411,"baseVolume":30251.930811941285,"quoteVolume":2.0089598236502564},"ETH_LRC":{"symbol":"LRC","name":"Loopring","contractAddress":"0xbbbbca6a901c926f240b89eacb641d8aec7aeafd","decimals":18,"currentPrice":0.00034626026393304,"lastPrice":0.00034703185257094107,"lastTimestamp":1597205411,"baseVolume":140531.50236254587,"quoteVolume":49.19497955143763},"ETH_MANA":{"symbol":"MANA","name":"Mana","contractAddress":"0x0f5d2fb29fb7d3cfee444a200298f468908cc942","decimals":18,"currentPrice":0,"lastPrice":0.000236543948604122,"lastTimestamp":1597205411,"baseVolume":87949.65801380255,"quoteVolume":20.56835486098412},"ETH_MCO":{"symbol":"MCO","name":"Monaco","contractAddress":"0xb63b606ac810a52cca15e44bb630fd42d8d1d83d","decimals":8,"currentPrice":0,"lastPrice":0.014152278750171695,"lastTimestamp":1597205,"baseVolume":0,"quoteVolume":0},"ETH_MET":{"symbol":"MET","name":"Metronome","contractAddress":"0xa3d58c4e56fedcae3a7c43a725aee9a71f0ece4e","decimals":18,"currentPrice":0.00246868273218639,"lastPrice":0.0024267724550974226,"lastTimestamp":1597205411,"baseVolume":824.1398965111091,"quoteVolume":2},"ETH_MFG":{"symbol":"MFG","name":"SyncFab","contractAddress":"0x6710c63432a2de02954fc0f851db07146a6c0312","decimals":18,"currentPrice":0.000020801579802451,"lastPrice":0.000021102601312520998,"lastTimestamp":1597205411,"baseVolume":2774054.652780789,"quoteVolume":56.61482254840935},"ETH_MKR":{"symbol":"MKR","name":"Maker","contractAddress":"0x9f8f72aa9304c8b593d555f12ef6589cc3a579a2","decimals":18,"currentPrice":1.8286588017085486,"lastPrice":1.8753438525020336,"lastTimestamp":1597205411,"baseVolume":292.0601668794409,"quoteVolume":470.62968980157564},"ETH_MLN":{"symbol":"MLN","name":"Melon Token","contractAddress":"0xec67005c4e498ec7f55e092bd1d35cbc47c91892","decimals":18,"currentPrice":0.06391324368661376,"lastPrice":0.06411327039677417,"lastTimestamp":1597205411,"baseVolume":574.4803773432184,"quoteVolume":38.34706951471575},"ETH_MTL":{"symbol":"MTL","name":"Metal","contractAddress":"0xf433089366899d83a9f26a773d59ec7ecf30355e","decimals":8,"currentPrice":0,"lastPrice":0,"lastTimestamp":1597205,"baseVolume":0,"quoteVolume":0},"ETH_MYB":{"symbol":"MYB","name":"MyBit","contractAddress":"0x5d60d8d7ef6d37e16ebabc324de3be57f135e0bc","decimals":18,"currentPrice":0.000021434854206513,"lastPrice":0.000021499890976961452,"lastTimestamp":1597205411,"baseVolume":3159013.572013978,"quoteVolume":70.90443800498784},"ETH_NEXXO":{"symbol":"NEXXO","name":"Nexxo","contractAddress":"0x278a83b64c3e3e1139f8e8a52d96360ca3c69a3d","decimals":18,"currentPrice":0,"lastPrice":0,"lastTimestamp":1597205,"baseVolume":0,"quoteVolume":0},"ETH_NPXS":{"symbol":"NPXS","name":"Pundi X","contractAddress":"0xa15c7ebe1f07caf6bff097d8a589fb8ac49ae5b3","decimals":18,"currentPrice":0,"lastPrice":0,"lastTimestamp":1597205,"baseVolume":0,"quoteVolume":0},"ETH_OGN":{"symbol":"OGN","name":"Origin Protocol","contractAddress":"0x8207c1ffc5b6804f6024322ccf34f29c3541ae26","decimals":18,"currentPrice":0.001042367540806526,"lastPrice":0.001062961279662046,"lastTimestamp":1597205411,"baseVolume":111725.43348023375,"quoteVolume":118.47661131350611},"ETH_OMG":{"symbol":"OMG","name":"OmiseGO","contractAddress":"0xd26114cd6ee289accf82350c8d8487fedb8a0c07","decimals":18,"currentPrice":0.003842514938262,"lastPrice":0.0042821409781037285,"lastTimestamp":1597205411,"baseVolume":12453.314891630445,"quoteVolume":54.051000340536696},"ETH_OST":{"symbol":"OST","name":"Open Simple Token","contractAddress":"0x2c4e8f2d746113d0696ce89b35f0d8bf88e0aeca","decimals":18,"currentPrice":0,"lastPrice":0.000029363593353314077,"lastTimestamp":1597205411,"baseVolume":74891.02501920355,"quoteVolume":2.1990696044767635},"ETH_PAX":{"symbol":"PAX","name":"Paxos Standard","contractAddress":"0x8e870d67f660d95d5be530380d0ec0bd388289e1","decimals":18,"currentPrice":0.002639264871585405,"lastPrice":0.0026164966501299913,"lastTimestamp":1597205411,"baseVolume":1931.4265364640066,"quoteVolume":4.9909965821877025},"ETH_PAY":{"symbol":"PAY","name":"TenX","contractAddress":"0xb97048628db6b661d4c2aa833e95dbe1a905b280","decimals":18,"currentPrice":0,"lastPrice":0.000156738643125618,"lastTimestamp":1597205411,"baseVolume":5424.1444857327015,"quoteVolume":0.8909540169871407},"ETH_PBTC":{"symbol":"PBTC","name":"pTokens BTC","contractAddress":"0x5228a22e72ccc52d415ecfd199f99d0665e7733b","decimals":18,"currentPrice":0,"lastPrice":29.82062743494742,"lastTimestamp":1597205,"baseVolume":0,"quoteVolume":0},"ETH_PLR":{"symbol":"PLR","name":"Pillar","contractAddress":"0xe3818504c1b32bf1557b16c238b2e01fd3149c17","decimals":18,"currentPrice":0.000062685888853826,"lastPrice":0.000063251624560568,"lastTimestamp":1597205411,"baseVolume":90000,"quoteVolume":5.76997691762334},"ETH_PLTC":{"symbol":"PLTC","name":"pTokens LTC","contractAddress":"0x5979f50f1d4c08f9a53863c2f39a7b0492c38d0f","decimals":18,"currentPrice":0,"lastPrice":0.15668872843963097,"lastTimestamp":1597205,"baseVolume":0,"quoteVolume":0},"ETH_PNK":{"symbol":"PNK","name":"Kleros","contractAddress":"0x93ed3fbe21207ec2e8f2d3c3de6e058cb73bc04d","decimals":18,"currentPrice":0.000318115011862714,"lastPrice":0.0003190563467909209,"lastTimestamp":1597205411,"baseVolume":336543.55133882206,"quoteVolume":104.98071061144157},"ETH_PNT":{"symbol":"PNT","name":"pNetwork Token","contractAddress":"0x89ab32156e46f46d02ade3fecbe5fc4243b9aaed","decimals":18,"currentPrice":0.00306857118962171,"lastPrice":0.003131042912821745,"lastTimestamp":1597205411,"baseVolume":18943.764544078673,"quoteVolume":61.575166525758235},"ETH_POLY":{"symbol":"POLY","name":"Polymath","contractAddress":"0x9992ec3cf6a55b00978cddf2b27bc6882d88d1ec","decimals":18,"currentPrice":0,"lastPrice":0.00011967879991941143,"lastTimestamp":1597205411,"baseVolume":13857.273927911096,"quoteVolume":1.6608299319352455},"ETH_POWR":{"symbol":"POWR","name":"Power Ledger","contractAddress":"0x595832f8fc6bf59c85c527fec3740a1b7a361269","decimals":6,"currentPrice":0,"lastPrice":0.000259380012135076,"lastTimestamp":1597205411,"baseVolume":4512.414662170835,"quoteVolume":1.177309410349825},"ETH_PT":{"symbol":"PT","name":"Promotion Token","contractAddress":"0x094c875704c14783049ddf8136e298b3a099c446","decimals":18,"currentPrice":0.002666737,"lastPrice":0.002910870871740656,"lastTimestamp":1597205411,"baseVolume":0,"quoteVolume":0},"ETH_QKC":{"symbol":"QKC","name":"QuarkChain","contractAddress":"0xea26c4ac16d4a5a106820bc8aee85fd0b7b2b664","decimals":18,"currentPrice":0,"lastPrice":0.00002201096528998186,"lastTimestamp":1597205411,"baseVolume":225196.55711884418,"quoteVolume":5.017753363323612},"ETH_QNT":{"symbol":"QNT","name":"Quant","contractAddress":"0x4a220e6096b25eadb88358cb44068a3248254675","decimals":18,"currentPrice":0.01918912629079728,"lastPrice":0.01944499303397242,"lastTimestamp":1597205411,"baseVolume":4211.762460690192,"quoteVolume":79.03163994509663},"ETH_RAE":{"symbol":"RAE","name":"Receive Access Ecosystem","contractAddress":"0xe5a3229ccb22b6484594973a03a3851dcd948756","decimals":18,"currentPrice":0.000794031592727248,"lastPrice":0.0007789173057928699,"lastTimestamp":1597205411,"baseVolume":2904.279251694484,"quoteVolume":2.26219337},"ETH_REN":{"symbol":"REN","name":"Republic","contractAddress":"0x408e41876cccdc0f92210600ef50372656052a38","decimals":18,"currentPrice":0.00071650843260881,"lastPrice":0.0007090220304760129,"lastTimestamp":1597205411,"baseVolume":510066.4958072446,"quoteVolume":336.68506826127805},"ETH_RENBTC":{"symbol":"RENBTC","name":"renBTC","contractAddress":"0xeb4c2781e4eba804ce9a9803c67d0893436bb27d","decimals":8,"currentPrice":30.55103238132149,"lastPrice":30.124598530384386,"lastTimestamp":1597205411,"baseVolume":1.089216260877584,"quoteVolume":32.28231001914682},"ETH_REP":{"symbol":"REP","name":"Augur","contractAddress":"0x1985365e9f78359a9b6ad760e32412f4a445e862","decimals":18,"currentPrice":0.05306134876110325,"lastPrice":0.0531471804782051,"lastTimestamp":1597205411,"baseVolume":894.4683200874357,"quoteVolume":48.03872325564923},"ETH_REPV2":{"symbol":"REPV2","name":"Kyber REPv2 Token","contractAddress":"0x221657776846890989a759ba2973e427dff5c9bb","decimals":18,"currentPrice":0,"lastPrice":0.05269111795960792,"lastTimestamp":1597205411,"baseVolume":436.4421816224502,"quoteVolume":23.054101576190398},"ETH_REQ":{"symbol":"REQ","name":"Request","contractAddress":"0x8f8221afbb33998d8584a2b05749ba73c37a938a","decimals":18,"currentPrice":0.000113119188631026,"lastPrice":0.00011386163411511,"lastTimestamp":1597205411,"baseVolume":373738.28702628467,"quoteVolume":42.41602745219659},"ETH_RLC":{"symbol":"RLC","name":"iExec RLC","contractAddress":"0x607f4c5bb672230e8672085532f7e901544a7375","decimals":9,"currentPrice":0,"lastPrice":0.004131465593590032,"lastTimestamp":1597205411,"baseVolume":37595.47759487317,"quoteVolume":142.92777439650988},"ETH_RSR":{"symbol":"RSR","name":"Reserve Rights","contractAddress":"0x8762db106b2c2a0bccb3a80d1ed41273552616e8","decimals":18,"currentPrice":0.000029795666832848,"lastPrice":0.000030169947271444,"lastTimestamp":1597205411,"baseVolume":18750165.983712733,"quoteVolume":565.3677572450692},"ETH_RSV":{"symbol":"RSV","name":"Reserve","contractAddress":"0x1c5857e110cd8411054660f60b5de6a6958cfae2","decimals":18,"currentPrice":0,"lastPrice":0,"lastTimestamp":1597205,"baseVolume":0,"quoteVolume":0},"ETH_SAN":{"symbol":"SAN","name":"Santiment","contractAddress":"0x7c5a0ce9267ed19b22f8cae653f198e3e8daf098","decimals":18,"currentPrice":0.000403509091419233,"lastPrice":0.000409793216845993,"lastTimestamp":1597205411,"baseVolume":6420.932891281551,"quoteVolume":2.6312547446705095},"ETH_SNT":{"symbol":"SNT","name":"Status","contractAddress":"0x744d70fdbe2ba4cf95131626614a1763df805b9e","decimals":18,"currentPrice":0,"lastPrice":0.00007635229143165946,"lastTimestamp":1597205411,"baseVolume":514593.2428965281,"quoteVolume":39.17159707427811},"ETH_SNX":{"symbol":"SNX","name":"Synthetix Network","contractAddress":"0xc011a73ee8576fb46f5e1c5751ca3b9fe0af2a6f","decimals":18,"currentPrice":0.014151174501427931,"lastPrice":0.01365333960760472,"lastTimestamp":1597205411,"baseVolume":60290.416374365035,"quoteVolume":773.656670185125,"custom_proxy":true,"original_token":"0xc011a72400e58ecd99ee497cf89e3775d4bd732f"},"ETH_SPIKE":{"symbol":"SPIKE","name":"Spiking","contractAddress":"0xa7fc5d2453e3f68af0cc1b78bcfee94a1b293650","decimals":10,"currentPrice":0.000026870245213573,"lastPrice":0.00002700168123526404,"lastTimestamp":1597205411,"baseVolume":23741.685470218632,"quoteVolume":0.6415118716},"ETH_SPN":{"symbol":"SPN","name":"Sapien Network","contractAddress":"0x20f7a3ddf244dc9299975b4da1c39f8d5d75f05a","decimals":6,"currentPrice":0,"lastPrice":0.000017148693218438,"lastTimestamp":1597205411,"baseVolume":20789.746,"quoteVolume":0.3565169762432485},"ETH_STMX":{"symbol":"STMX","name":"Kyber StormX Token","contractAddress":"0xbe9375c6a420d2eeb258962efb95551a5b722803","decimals":18,"currentPrice":0,"lastPrice":0.000008414252191512115,"lastTimestamp":1597205411,"baseVolume":716154.6927934788,"quoteVolume":6.2524260371050095},"ETH_SUSD":{"symbol":"SUSD","name":"sUSD","contractAddress":"0x57ab1ec28d129707052df4df418d58a2d46d5f51","decimals":18,"currentPrice":0.00280379207662629,"lastPrice":0.002829865525473787,"lastTimestamp":1597205411,"baseVolume":24843.646684902422,"quoteVolume":69.62406728521495,"custom_proxy":true,"original_token":"0xd8b325e9a95abc44cedc90aab64ec1f231f2cc8f"},"ETH_TKN":{"symbol":"TKN","name":"Monolith","contractAddress":"0xaaaf91d9b90df800df4f55c205fd6989c977e73a","decimals":8,"currentPrice":0.001545265570391278,"lastPrice":0.001571249157323193,"lastTimestamp":1597205411,"baseVolume":26125.47733766589,"quoteVolume":40.96925622241655},"ETH_TKX":{"symbol":"TKX","name":"Tokenize Xchange","contractAddress":"0x667102bd3413bfeaa3dffb48fa8288819e480a88","decimals":8,"currentPrice":0,"lastPrice":0.0030090210450931893,"lastTimestamp":1597205,"baseVolume":0,"quoteVolume":0},"ETH_TRYB":{"symbol":"TRYB","name":"BiLira","contractAddress":"0x2c537e5624e4af88a7ae4060c022609376c8d0eb","decimals":6,"currentPrice":0,"lastPrice":0.0004543066678640803,"lastTimestamp":1597205411,"baseVolume":0,"quoteVolume":0},"ETH_TUSD":{"symbol":"TUSD","name":"TrueUSD","contractAddress":"0x8dd5fbce2f6a956c3022ba3663759011dd51e73e","decimals":18,"currentPrice":0.002631626954200712,"lastPrice":0.0025768864311717546,"lastTimestamp":1597205411,"baseVolume":4849.992218223477,"quoteVolume":12.497879138428678,"custom_proxy":true,"original_token":"0x0000000000085d4780B73119b644AE5ecd22b376"},"ETH_UBT":{"symbol":"UBT","name":"Unibright","contractAddress":"0x8400d94a5cb0fa0d041a3788e395285d61c9ee5e","decimals":8,"currentPrice":0.001148455258615185,"lastPrice":0.001150446221769101,"lastTimestamp":1597205411,"baseVolume":121136.96112236017,"quoteVolume":135.77108010545422},"ETH_UPP":{"symbol":"UPP","name":"Sentinel Protocol","contractAddress":"0xc86d054809623432210c107af2e3f619dcfbf652","decimals":18,"currentPrice":0,"lastPrice":0,"lastTimestamp":1597205,"baseVolume":0,"quoteVolume":0},"ETH_USDC":{"symbol":"USDC","name":"USD Coin","contractAddress":"0xa0b86991c6218b36c1d19d4a2e9eb0ce3606eb48","decimals":6,"currentPrice":0.002640057532197865,"lastPrice":0.002657604742381657,"lastTimestamp":1597205411,"baseVolume":2218626.965520615,"quoteVolume":5811.268413659362},"ETH_USDS":{"symbol":"USDS","name":"StableUSD","contractAddress":"0xa4bdb11dc0a2bec88d24a3aa1e6bb17201112ebe","decimals":6,"currentPrice":0,"lastPrice":0.002521921493303194,"lastTimestamp":1597205411,"baseVolume":19423.900529,"quoteVolume":49.232484543984576},"ETH_USDT":{"symbol":"USDT","name":"Tether USD","contractAddress":"0xdac17f958d2ee523a2206206994597c13d831ec7","decimals":6,"currentPrice":0.002640711264569498,"lastPrice":0.002661041434324462,"lastTimestamp":1597205411,"baseVolume":1641662.8098939173,"quoteVolume":4288.960358120132},"ETH_VIDT":{"symbol":"VIDT","name":"V-ID blockchain","contractAddress":"0x445f51299ef3307dbd75036dd896565f5b4bf7a5","decimals":18,"currentPrice":0.001810030301349338,"lastPrice":0.0018247790160863962,"lastTimestamp":1597205411,"baseVolume":56460.98412620584,"quoteVolume":103.15297153724987},"ETH_WBTC":{"symbol":"WBTC","name":"Wrapped BTC","contractAddress":"0x2260fac5e5542a773aa44fbcfedf7c193bc2c599","decimals":8,"currentPrice":30.08056977476346,"lastPrice":30.01980388142284,"lastTimestamp":1597205411,"baseVolume":27.097213649412325,"quoteVolume":817.0738028128495},"ETH_WETH":{"symbol":"WETH","name":"Wrapped Ether","contractAddress":"0xc02aaa39b223fe8d0a0e5c4f27ead9083c756cc2","decimals":18,"currentPrice":1,"lastPrice":1,"lastTimestamp":1597205411,"baseVolume":10681.966471271546,"quoteVolume":10683.178538528482},"ETH_ZRX":{"symbol":"ZRX","name":"0x Protocol","contractAddress":"0xe41d2489571d322189246dafa5ebde1f4699f498","decimals":18,"currentPrice":0.001119134945502189,"lastPrice":0.0011254119604667302,"lastTimestamp":1597205411,"baseVolume":117749.70917818221,"quoteVolume":136.40695948215065}} </msg>
<msg timestamp="20200812 11:11:24.399" level="INFO">To JSON using : pretty_print=False </msg>
<msg timestamp="20200812 11:11:24.401" level="INFO">${jsondata} = {'ETH_2KEY': {'symbol': '2KEY', 'name': 'TwoKeyEconomy', 'contractAddress': '0xe48972fcd82a274411c01834e2f031d4377fa2c0', 'decimals': 18, 'currentPrice': 0.000216621214648325, 'lastPrice': 0.000219105...</msg>
<status status="PASS" starttime="20200812 11:11:24.397" endtime="20200812 11:11:24.401"></status>
</kw>
<kw name="Set Global Variable" library="BuiltIn">
<doc>Makes a variable available globally in all tests and suites.</doc>
<arguments>
<arg>${resp}</arg>
<arg>${resp}</arg>
</arguments>
<msg timestamp="20200812 11:11:24.402" level="INFO">${resp} = &lt;Response [200]&gt;</msg>
<status status="PASS" starttime="20200812 11:11:24.401" endtime="20200812 11:11:24.402"></status>
</kw>
<kw name="Set Global Variable" library="BuiltIn">
<doc>Makes a variable available globally in all tests and suites.</doc>
<arguments>
<arg>${jsondata}</arg>
<arg>${jsondata}</arg>
</arguments>
<msg timestamp="20200812 11:11:24.408" level="INFO">${jsondata} = {'ETH_2KEY': {'symbol': '2KEY', 'name': 'TwoKeyEconomy', 'contractAddress': '0xe48972fcd82a274411c01834e2f031d4377fa2c0', 'decimals': 18, 'currentPrice': 0.000216621214648325, 'lastPrice': 0.000219105...</msg>
<status status="PASS" starttime="20200812 11:11:24.403" endtime="20200812 11:11:24.408"></status>
</kw>
<status status="PASS" starttime="20200812 11:11:23.900" endtime="20200812 11:11:24.408"></status>
</kw>
<kw name="Get Detail All Elements Of Tokens Pairs">
<doc>1. Get Keys of Tokens Pairs Api. Jsondata is an object (Dictionary in Robot Framework)
2. Create list related with each param(symbol, name, contractAddress, decimals, currentPrice,lastPrice,lastTimestamp,baseVolume,quoteVolume of response
3. For loop
3.1. Get Value related each keys
3.2. Get each param(symbol, name, contractAddress, decimals, currentPrice,lastPrice,lastTimestamp,baseVolume,quoteVolume related each keys
3.3. Append to related list</doc>
<kw name="Get Dictionary Items" library="Collections">
<doc>Returns items of the given ``dictionary`` as a list.</doc>
<arguments>
<arg>${jsondata}</arg>
</arguments>
<assign>
<var>${items_tp}</var>
</assign>
<msg timestamp="20200812 11:11:24.412" level="INFO">${items_tp} = ['ETH_2KEY', {'symbol': '2KEY', 'name': 'TwoKeyEconomy', 'contractAddress': '0xe48972fcd82a274411c01834e2f031d4377fa2c0', 'decimals': 18, 'currentPrice': 0.000216621214648325, 'lastPrice': 0.000219105...</msg>
<status status="PASS" starttime="20200812 11:11:24.410" endtime="20200812 11:11:24.412"></status>
</kw>
<kw name="Get Dictionary Keys" library="Collections">
<doc>Returns keys of the given ``dictionary`` as a list.</doc>
<arguments>
<arg>${jsondata}</arg>
</arguments>
<assign>
<var>${keys_tp}</var>
</assign>
<msg timestamp="20200812 11:11:24.413" level="INFO">${keys_tp} = ['ETH_2KEY', 'ETH_ABYSS', 'ETH_AMPL', 'ETH_ANT', 'ETH_BAM', 'ETH_BAND', 'ETH_BAT', 'ETH_BLZ', 'ETH_BNT', 'ETH_BTU', 'ETH_BUSD', 'ETH_BZRX', 'ETH_CND', 'ETH_COMP', 'ETH_CVC', 'ETH_DAI', 'ETH_DGX', 'ETH...</msg>
<status status="PASS" starttime="20200812 11:11:24.413" endtime="20200812 11:11:24.414"></status>
</kw>
<kw name="Get Length" library="BuiltIn">
<doc>Returns and logs the length of the given item as an integer.</doc>
<arguments>
<arg>${keys_tp}</arg>
</arguments>
<assign>
<var>${tokens_pairs_length}</var>
</assign>
<msg timestamp="20200812 11:11:24.414" level="INFO">Length is 90</msg>
<msg timestamp="20200812 11:11:24.414" level="INFO">${tokens_pairs_length} = 90</msg>
<status status="PASS" starttime="20200812 11:11:24.414" endtime="20200812 11:11:24.414"></status>
</kw>
<kw name="Set Global Variable" library="BuiltIn">
<doc>Makes a variable available globally in all tests and suites.</doc>
<arguments>
<arg>${tokens_pairs_length}</arg>
<arg>${tokens_pairs_length}</arg>
</arguments>
<msg timestamp="20200812 11:11:24.415" level="INFO">${tokens_pairs_length} = 90</msg>
<status status="PASS" starttime="20200812 11:11:24.415" endtime="20200812 11:11:24.415"></status>
</kw>
<kw name="Create List" library="BuiltIn">
<doc>Returns a list containing given items.</doc>
<assign>
<var>${symbol_list}</var>
</assign>
<msg timestamp="20200812 11:11:24.416" level="INFO">${symbol_list} = []</msg>
<status status="PASS" starttime="20200812 11:11:24.416" endtime="20200812 11:11:24.416"></status>
</kw>
<kw name="Set Global Variable" library="BuiltIn">
<doc>Makes a variable available globally in all tests and suites.</doc>
<arguments>
<arg>${symbolList}</arg>
<arg>${symbolList}</arg>
</arguments>
<msg timestamp="20200812 11:11:24.417" level="INFO">${symbolList} = []</msg>
<status status="PASS" starttime="20200812 11:11:24.416" endtime="20200812 11:11:24.417"></status>
</kw>
<kw name="Create List" library="BuiltIn">
<doc>Returns a list containing given items.</doc>
<assign>
<var>${name_list}</var>
</assign>
<msg timestamp="20200812 11:11:24.417" level="INFO">${name_list} = []</msg>
<status status="PASS" starttime="20200812 11:11:24.417" endtime="20200812 11:11:24.417"></status>
</kw>
<kw name="Set Global Variable" library="BuiltIn">
<doc>Makes a variable available globally in all tests and suites.</doc>
<arguments>
<arg>${nameList}</arg>
<arg>${nameList}</arg>
</arguments>
<msg timestamp="20200812 11:11:24.418" level="INFO">${nameList} = []</msg>
<status status="PASS" starttime="20200812 11:11:24.418" endtime="20200812 11:11:24.418"></status>
</kw>
<kw name="Create List" library="BuiltIn">
<doc>Returns a list containing given items.</doc>
<assign>
<var>${contractAddress_list}</var>
</assign>
<msg timestamp="20200812 11:11:24.419" level="INFO">${contractAddress_list} = []</msg>
<status status="PASS" starttime="20200812 11:11:24.418" endtime="20200812 11:11:24.419"></status>
</kw>
<kw name="Set Global Variable" library="BuiltIn">
<doc>Makes a variable available globally in all tests and suites.</doc>
<arguments>
<arg>${contractAddress_list}</arg>
<arg>${contractAddress_list}</arg>
</arguments>
<msg timestamp="20200812 11:11:24.420" level="INFO">${contractAddress_list} = []</msg>
<status status="PASS" starttime="20200812 11:11:24.419" endtime="20200812 11:11:24.420"></status>
</kw>
<kw name="Create List" library="BuiltIn">
<doc>Returns a list containing given items.</doc>
<assign>
<var>${decimals_list}</var>
</assign>
<msg timestamp="20200812 11:11:24.420" level="INFO">${decimals_list} = []</msg>
<status status="PASS" starttime="20200812 11:11:24.420" endtime="20200812 11:11:24.420"></status>
</kw>
<kw name="Set Global Variable" library="BuiltIn">
<doc>Makes a variable available globally in all tests and suites.</doc>
<arguments>
<arg>${decimals_list}</arg>
<arg>${decimals_list}</arg>
</arguments>
<msg timestamp="20200812 11:11:24.421" level="INFO">${decimals_list} = []</msg>
<status status="PASS" starttime="20200812 11:11:24.420" endtime="20200812 11:11:24.421"></status>
</kw>
<kw name="Create List" library="BuiltIn">
<doc>Returns a list containing given items.</doc>
<assign>
<var>${currentPrice_list}</var>
</assign>
<msg timestamp="20200812 11:11:24.422" level="INFO">${currentPrice_list} = []</msg>
<status status="PASS" starttime="20200812 11:11:24.421" endtime="20200812 11:11:24.422"></status>
</kw>
<kw name="Set Global Variable" library="BuiltIn">
<doc>Makes a variable available globally in all tests and suites.</doc>
<arguments>
<arg>${currentPrice_list}</arg>
<arg>${currentPrice_list}</arg>
</arguments>
<msg timestamp="20200812 11:11:24.423" level="INFO">${currentPrice_list} = []</msg>
<status status="PASS" starttime="20200812 11:11:24.422" endtime="20200812 11:11:24.423"></status>
</kw>
<kw name="Create List" library="BuiltIn">
<doc>Returns a list containing given items.</doc>
<assign>
<var>${lastPrice_list}</var>
</assign>
<msg timestamp="20200812 11:11:24.423" level="INFO">${lastPrice_list} = []</msg>
<status status="PASS" starttime="20200812 11:11:24.423" endtime="20200812 11:11:24.423"></status>
</kw>
<kw name="Set Global Variable" library="BuiltIn">
<doc>Makes a variable available globally in all tests and suites.</doc>
<arguments>
<arg>${lastPrice_list}</arg>
<arg>${lastPrice_list}</arg>
</arguments>
<msg timestamp="20200812 11:11:24.425" level="INFO">${lastPrice_list} = []</msg>
<status status="PASS" starttime="20200812 11:11:24.424" endtime="20200812 11:11:24.425"></status>
</kw>
<kw name="Create List" library="BuiltIn">
<doc>Returns a list containing given items.</doc>
<assign>
<var>${lastTimestamp_list}</var>
</assign>
<msg timestamp="20200812 11:11:24.426" level="INFO">${lastTimestamp_list} = []</msg>
<status status="PASS" starttime="20200812 11:11:24.425" endtime="20200812 11:11:24.426"></status>
</kw>
<kw name="Set Global Variable" library="BuiltIn">
<doc>Makes a variable available globally in all tests and suites.</doc>
<arguments>
<arg>${lastTimestamp_list}</arg>
<arg>${lastTimestamp_list}</arg>
</arguments>
<msg timestamp="20200812 11:11:24.427" level="INFO">${lastTimestamp_list} = []</msg>
<status status="PASS" starttime="20200812 11:11:24.426" endtime="20200812 11:11:24.427"></status>
</kw>
<kw name="Create List" library="BuiltIn">
<doc>Returns a list containing given items.</doc>
<assign>
<var>${baseVolume_list}</var>
</assign>
<msg timestamp="20200812 11:11:24.428" level="INFO">${baseVolume_list} = []</msg>
<status status="PASS" starttime="20200812 11:11:24.427" endtime="20200812 11:11:24.428"></status>
</kw>
<kw name="Set Global Variable" library="BuiltIn">
<doc>Makes a variable available globally in all tests and suites.</doc>
<arguments>
<arg>${baseVolume_list}</arg>
<arg>${baseVolume_list}</arg>
</arguments>
<msg timestamp="20200812 11:11:24.429" level="INFO">${baseVolume_list} = []</msg>
<status status="PASS" starttime="20200812 11:11:24.428" endtime="20200812 11:11:24.429"></status>
</kw>
<kw name="Create List" library="BuiltIn">
<doc>Returns a list containing given items.</doc>
<assign>
<var>${quoteVolume_list}</var>
</assign>
<msg timestamp="20200812 11:11:24.430" level="INFO">${quoteVolume_list} = []</msg>
<status status="PASS" starttime="20200812 11:11:24.429" endtime="20200812 11:11:24.430"></status>
</kw>
<kw name="Set Global Variable" library="BuiltIn">
<doc>Makes a variable available globally in all tests and suites.</doc>
<arguments>
<arg>${nameList}</arg>
<arg>${nameList}</arg>
</arguments>
<msg timestamp="20200812 11:11:24.431" level="INFO">${nameList} = []</msg>
<status status="PASS" starttime="20200812 11:11:24.430" endtime="20200812 11:11:24.431"></status>
</kw>
<kw name="${i} IN RANGE [ 0 | ${tokens_pairs_length} ]" type="for">
<kw name="${i} = 0" type="foritem">
<kw name="Get From Dictionary" library="Collections">
<doc>Returns a value from the given ``dictionary`` based on the given ``key``.</doc>
<arguments>
<arg>${jsondata}</arg>
<arg>${keys_tp[${i}]}</arg>
</arguments>
<assign>
<var>${elementValue}</var>
</assign>
<msg timestamp="20200812 11:11:24.433" level="INFO">${elementValue} = {'symbol': '2KEY', 'name': 'TwoKeyEconomy', 'contractAddress': '0xe48972fcd82a274411c01834e2f031d4377fa2c0', 'decimals': 18, 'currentPrice': 0.000216621214648325, 'lastPrice': 0.00021910575580859503, ...</msg>
<status status="PASS" starttime="20200812 11:11:24.432" endtime="20200812 11:11:24.433"></status>
</kw>
<kw name="Get Value From Json" library="JSONLibrary">
<doc>Get Value From JSON using JSONPath</doc>
<arguments>
<arg>${elementValue}</arg>
<arg>$.symbol</arg>
</arguments>
<assign>
<var>${symbol}</var>
</assign>
<msg timestamp="20200812 11:11:24.511" level="INFO">${symbol} = ['2KEY']</msg>
<status status="PASS" starttime="20200812 11:11:24.433" endtime="20200812 11:11:24.511"></status>
</kw>
<kw name="Append To List" library="Collections">
<doc>Adds ``values`` to the end of ``list``.</doc>
<arguments>
<arg>${symbol_list}</arg>
<arg>${symbol[0]}</arg>
</arguments>
<status status="PASS" starttime="20200812 11:11:24.512" endtime="20200812 11:11:24.512"></status>
</kw>
<kw name="Get Value From Json" library="JSONLibrary">
<doc>Get Value From JSON using JSONPath</doc>
<arguments>
<arg>${elementValue}</arg>
<arg>$.name</arg>
</arguments>
<assign>
<var>${name}</var>
</assign>
<msg timestamp="20200812 11:11:24.603" level="INFO">${name} = ['TwoKeyEconomy']</msg>
<status status="PASS" starttime="20200812 11:11:24.513" endtime="20200812 11:11:24.603"></status>
</kw>
<kw name="Append To List" library="Collections">
<doc>Adds ``values`` to the end of ``list``.</doc>
<arguments>
<arg>${name_list}</arg>
<arg>${name[0]}</arg>
</arguments>
<status status="PASS" starttime="20200812 11:11:24.603" endtime="20200812 11:11:24.604"></status>
</kw>
<kw name="Get Value From Json" library="JSONLibrary">
<doc>Get Value From JSON using JSONPath</doc>
<arguments>
<arg>${elementValue}</arg>
<arg>$.contractAddress</arg>
</arguments>
<assign>
<var>${contractAddress}</var>
</assign>
<msg timestamp="20200812 11:11:24.676" level="INFO">${contractAddress} = ['0xe48972fcd82a274411c01834e2f031d4377fa2c0']</msg>
<status status="PASS" starttime="20200812 11:11:24.604" endtime="20200812 11:11:24.676"></status>
</kw>
<kw name="Append To List" library="Collections">
<doc>Adds ``values`` to the end of ``list``.</doc>
<arguments>
<arg>${contractAddress_list}</arg>
<arg>${contractAddress[0]}</arg>
</arguments>
<status status="PASS" starttime="20200812 11:11:24.676" endtime="20200812 11:11:24.677"></status>
</kw>
<kw name="Get Value From Json" library="JSONLibrary">
<doc>Get Value From JSON using JSONPath</doc>
<arguments>
<arg>${elementValue}</arg>
<arg>$.decimals</arg>
</arguments>
<assign>
<var>${decimals}</var>
</assign>
<msg timestamp="20200812 11:11:24.746" level="INFO">${decimals} = [18]</msg>
<status status="PASS" starttime="20200812 11:11:24.678" endtime="20200812 11:11:24.746"></status>
</kw>
<kw name="Append To List" library="Collections">
<doc>Adds ``values`` to the end of ``list``.</doc>
<arguments>
<arg>${decimals_list}</arg>
<arg>${decimals[0]}</arg>
</arguments>
<status status="PASS" starttime="20200812 11:11:24.746" endtime="20200812 11:11:24.747"></status>
</kw>
<kw name="Get Value From Json" library="JSONLibrary">
<doc>Get Value From JSON using JSONPath</doc>
<arguments>
<arg>${elementValue}</arg>
<arg>$.currentPrice</arg>
</arguments>
<assign>
<var>${currentPrice}</var>
</assign>
<msg timestamp="20200812 11:11:24.821" level="INFO">${currentPrice} = [0.000216621214648325]</msg>
<status status="PASS" starttime="20200812 11:11:24.747" endtime="20200812 11:11:24.821"></status>
</kw>
<kw name="Append To List" library="Collections">
<doc>Adds ``values`` to the end of ``list``.</doc>
<arguments>
<arg>${currentPrice_list}</arg>
<arg>${currentPrice[0]}</arg>
</arguments>
<status status="PASS" starttime="20200812 11:11:24.822" endtime="20200812 11:11:24.822"></status>
</kw>
<kw name="Get Value From Json" library="JSONLibrary">
<doc>Get Value From JSON using JSONPath</doc>
<arguments>
<arg>${elementValue}</arg>
<arg>$.lastPrice</arg>
</arguments>
<assign>
<var>${lastPrice}</var>
</assign>
<msg timestamp="20200812 11:11:24.886" level="INFO">${lastPrice} = [0.00021910575580859503]</msg>
<status status="PASS" starttime="20200812 11:11:24.822" endtime="20200812 11:11:24.886"></status>
</kw>
<kw name="Append To List" library="Collections">
<doc>Adds ``values`` to the end of ``list``.</doc>
<arguments>
<arg>${lastPrice_list}</arg>
<arg>${lastPrice[0]}</arg>
</arguments>
<status status="PASS" starttime="20200812 11:11:24.886" endtime="20200812 11:11:24.887"></status>
</kw>
<kw name="Get Value From Json" library="JSONLibrary">
<doc>Get Value From JSON using JSONPath</doc>
<arguments>
<arg>${elementValue}</arg>
<arg>$.lastTimestamp</arg>
</arguments>
<assign>
<var>${lastTimestamp}</var>
</assign>
<msg timestamp="20200812 11:11:24.965" level="INFO">${lastTimestamp} = [1597205411]</msg>
<status status="PASS" starttime="20200812 11:11:24.887" endtime="20200812 11:11:24.965"></status>
</kw>
<kw name="Append To List" library="Collections">
<doc>Adds ``values`` to the end of ``list``.</doc>
<arguments>
<arg>${lastTimestamp_list}</arg>
<arg>${lastTimestamp[0]}</arg>
</arguments>
<status status="PASS" starttime="20200812 11:11:24.966" endtime="20200812 11:11:24.967"></status>
</kw>
<kw name="Get Value From Json" library="JSONLibrary">
<doc>Get Value From JSON using JSONPath</doc>
<arguments>
<arg>${elementValue}</arg>
<arg>$.baseVolume</arg>
</arguments>
<assign>
<var>${baseVolume}</var>
</assign>
<msg timestamp="20200812 11:11:25.055" level="INFO">${baseVolume} = [648723.4673718801]</msg>
<status status="PASS" starttime="20200812 11:11:24.967" endtime="20200812 11:11:25.055"></status>
</kw>
<kw name="Append To List" library="Collections">
<doc>Adds ``values`` to the end of ``list``.</doc>
<arguments>
<arg>${baseVolume_list}</arg>
<arg>${baseVolume[0]}</arg>
</arguments>
<status status="PASS" starttime="20200812 11:11:25.056" endtime="20200812 11:11:25.056"></status>
</kw>
<kw name="Get Value From Json" library="JSONLibrary">
<doc>Get Value From JSON using JSONPath</doc>
<arguments>
<arg>${elementValue}</arg>
<arg>$.quoteVolume</arg>
</arguments>
<assign>
<var>${quoteVolume}</var>
</assign>
<msg timestamp="20200812 11:11:25.106" level="INFO">${quoteVolume} = [183.30812751773894]</msg>
<status status="PASS" starttime="20200812 11:11:25.057" endtime="20200812 11:11:25.106"></status>
</kw>
<kw name="Append To List" library="Collections">
<doc>Adds ``values`` to the end of ``list``.</doc>
<arguments>
<arg>${quoteVolume_list}</arg>
<arg>${quoteVolume[0]}</arg>
</arguments>
<status status="PASS" starttime="20200812 11:11:25.106" endtime="20200812 11:11:25.106"></status>
</kw>
<status status="PASS" starttime="20200812 11:11:24.432" endtime="20200812 11:11:25.106"></status>
</kw>
<kw name="${i} = 1" type="foritem">
<kw name="Get From Dictionary" library="Collections">
<doc>Returns a value from the given ``dictionary`` based on the given ``key``.</doc>
<arguments>
<arg>${jsondata}</arg>
<arg>${keys_tp[${i}]}</arg>
</arguments>
<assign>
<var>${elementValue}</var>
</assign>
<msg timestamp="20200812 11:11:25.107" level="INFO">${elementValue} = {'symbol': 'ABYSS', 'name': 'ABYSS', 'contractAddress': '0x0e8d6b471e332f140e7d9dbb99e5e3822f728da6', 'decimals': 18, 'currentPrice': 4.605715445294e-05, 'lastPrice': 4.671511034889695e-05, 'lastTimes...</msg>
<status status="PASS" starttime="20200812 11:11:25.107" endtime="20200812 11:11:25.107"></status>
</kw>
<kw name="Get Value From Json" library="JSONLibrary">
<doc>Get Value From JSON using JSONPath</doc>
<arguments>
<arg>${elementValue}</arg>
<arg>$.symbol</arg>
</arguments>
<assign>
<var>${symbol}</var>
</assign>
<msg timestamp="20200812 11:11:25.152" level="INFO">${symbol} = ['ABYSS']</msg>
<status status="PASS" starttime="20200812 11:11:25.107" endtime="20200812 11:11:25.152"></status>
</kw>
<kw name="Append To List" library="Collections">
<doc>Adds ``values`` to the end of ``list``.</doc>
<arguments>
<arg>${symbol_list}</arg>
<arg>${symbol[0]}</arg>
</arguments>
<status status="PASS" starttime="20200812 11:11:25.152" endtime="20200812 11:11:25.153"></status>
</kw>
<kw name="Get Value From Json" library="JSONLibrary">
<doc>Get Value From JSON using JSONPath</doc>
<arguments>
<arg>${elementValue}</arg>
<arg>$.name</arg>
</arguments>
<assign>
<var>${name}</var>
</assign>
<msg timestamp="20200812 11:11:25.204" level="INFO">${name} = ['ABYSS']</msg>
<status status="PASS" starttime="20200812 11:11:25.153" endtime="20200812 11:11:25.204"></status>
</kw>
<kw name="Append To List" library="Collections">
<doc>Adds ``values`` to the end of ``list``.</doc>
<arguments>
<arg>${name_list}</arg>
<arg>${name[0]}</arg>
</arguments>
<status status="PASS" starttime="20200812 11:11:25.205" endtime="20200812 11:11:25.205"></status>
</kw>
<kw name="Get Value From Json" library="JSONLibrary">
<doc>Get Value From JSON using JSONPath</doc>
<arguments>
<arg>${elementValue}</arg>
<arg>$.contractAddress</arg>
</arguments>
<assign>
<var>${contractAddress}</var>
</assign>
<msg timestamp="20200812 11:11:25.256" level="INFO">${contractAddress} = ['0x0e8d6b471e332f140e7d9dbb99e5e3822f728da6']</msg>
<status status="PASS" starttime="20200812 11:11:25.205" endtime="20200812 11:11:25.256"></status>
</kw>
<kw name="Append To List" library="Collections">
<doc>Adds ``values`` to the end of ``list``.</doc>
<arguments>
<arg>${contractAddress_list}</arg>
<arg>${contractAddress[0]}</arg>
</arguments>
<status status="PASS" starttime="20200812 11:11:25.257" endtime="20200812 11:11:25.257"></status>
</kw>
<kw name="Get Value From Json" library="JSONLibrary">
<doc>Get Value From JSON using JSONPath</doc>
<arguments>
<arg>${elementValue}</arg>
<arg>$.decimals</arg>
</arguments>
<assign>
<var>${decimals}</var>
</assign>
<msg timestamp="20200812 11:11:25.328" level="INFO">${decimals} = [18]</msg>
<status status="PASS" starttime="20200812 11:11:25.257" endtime="20200812 11:11:25.328"></status>
</kw>
<kw name="Append To List" library="Collections">
<doc>Adds ``values`` to the end of ``list``.</doc>
<arguments>
<arg>${decimals_list}</arg>
<arg>${decimals[0]}</arg>
</arguments>
<status status="PASS" starttime="20200812 11:11:25.328" endtime="20200812 11:11:25.329"></status>
</kw>
<kw name="Get Value From Json" library="JSONLibrary">
<doc>Get Value From JSON using JSONPath</doc>
<arguments>
<arg>${elementValue}</arg>
<arg>$.currentPrice</arg>
</arguments>
<assign>
<var>${currentPrice}</var>
</assign>
<msg timestamp="20200812 11:11:25.387" level="INFO">${currentPrice} = [4.605715445294e-05]</msg>
<status status="PASS" starttime="20200812 11:11:25.329" endtime="20200812 11:11:25.387"></status>
</kw>
<kw name="Append To List" library="Collections">
<doc>Adds ``values`` to the end of ``list``.</doc>
<arguments>
<arg>${currentPrice_list}</arg>
<arg>${currentPrice[0]}</arg>
</arguments>
<status status="PASS" starttime="20200812 11:11:25.387" endtime="20200812 11:11:25.388"></status>
</kw>
<kw name="Get Value From Json" library="JSONLibrary">
<doc>Get Value From JSON using JSONPath</doc>
<arguments>
<arg>${elementValue}</arg>
<arg>$.lastPrice</arg>
</arguments>
<assign>
<var>${lastPrice}</var>
</assign>
<msg timestamp="20200812 11:11:25.457" level="INFO">${lastPrice} = [4.671511034889695e-05]</msg>
<status status="PASS" starttime="20200812 11:11:25.388" endtime="20200812 11:11:25.457"></status>
</kw>
<kw name="Append To List" library="Collections">
<doc>Adds ``values`` to the end of ``list``.</doc>
<arguments>
<arg>${lastPrice_list}</arg>
<arg>${lastPrice[0]}</arg>
</arguments>
<status status="PASS" starttime="20200812 11:11:25.457" endtime="20200812 11:11:25.458"></status>
</kw>
<kw name="Get Value From Json" library="JSONLibrary">
<doc>Get Value From JSON using JSONPath</doc>
<arguments>
<arg>${elementValue}</arg>
<arg>$.lastTimestamp</arg>
</arguments>
<assign>
<var>${lastTimestamp}</var>
</assign>
<msg timestamp="20200812 11:11:25.531" level="INFO">${lastTimestamp} = [1597205411]</msg>
<status status="PASS" starttime="20200812 11:11:25.458" endtime="20200812 11:11:25.531"></status>
</kw>
<kw name="Append To List" library="Collections">
<doc>Adds ``values`` to the end of ``list``.</doc>
<arguments>
<arg>${lastTimestamp_list}</arg>
<arg>${lastTimestamp[0]}</arg>
</arguments>
<status status="PASS" starttime="20200812 11:11:25.531" endtime="20200812 11:11:25.532"></status>
</kw>
<kw name="Get Value From Json" library="JSONLibrary">
<doc>Get Value From JSON using JSONPath</doc>
<arguments>
<arg>${elementValue}</arg>
<arg>$.baseVolume</arg>
</arguments>
<assign>
<var>${baseVolume}</var>
</assign>
<msg timestamp="20200812 11:11:25.584" level="INFO">${baseVolume} = [6019528.265210161]</msg>
<status status="PASS" starttime="20200812 11:11:25.532" endtime="20200812 11:11:25.584"></status>
</kw>
<kw name="Append To List" library="Collections">
<doc>Adds ``values`` to the end of ``list``.</doc>
<arguments>
<arg>${baseVolume_list}</arg>
<arg>${baseVolume[0]}</arg>
</arguments>
<status status="PASS" starttime="20200812 11:11:25.585" endtime="20200812 11:11:25.585"></status>
</kw>
<kw name="Get Value From Json" library="JSONLibrary">
<doc>Get Value From JSON using JSONPath</doc>
<arguments>
<arg>${elementValue}</arg>
<arg>$.quoteVolume</arg>
</arguments>
<assign>
<var>${quoteVolume}</var>
</assign>
<msg timestamp="20200812 11:11:25.634" level="INFO">${quoteVolume} = [266.32481132486697]</msg>
<status status="PASS" starttime="20200812 11:11:25.586" endtime="20200812 11:11:25.634"></status>
</kw>
<kw name="Append To List" library="Collections">
<doc>Adds ``values`` to the end of ``list``.</doc>
<arguments>
<arg>${quoteVolume_list}</arg>
<arg>${quoteVolume[0]}</arg>
</arguments>
<status status="PASS" starttime="20200812 11:11:25.634" endtime="20200812 11:11:25.635"></status>
</kw>
<status status="PASS" starttime="20200812 11:11:25.107" endtime="20200812 11:11:25.635"></status>
</kw>
<kw name="${i} = 2" type="foritem">
<kw name="Get From Dictionary" library="Collections">
<doc>Returns a value from the given ``dictionary`` based on the given ``key``.</doc>
<arguments>
<arg>${jsondata}</arg>
<arg>${keys_tp[${i}]}</arg>
</arguments>
<assign>
<var>${elementValue}</var>
</assign>
<msg timestamp="20200812 11:11:25.636" level="INFO">${elementValue} = {'symbol': 'AMPL', 'name': 'Ampleforth', 'contractAddress': '0xd46ba6d942050d489dbd938a2c909a5d5039a161', 'decimals': 9, 'currentPrice': 0.002493899286897446, 'lastPrice': 0.002321048143868329, 'lastT...</msg>
<status status="PASS" starttime="20200812 11:11:25.635" endtime="20200812 11:11:25.636"></status>
</kw>
<kw name="Get Value From Json" library="JSONLibrary">
<doc>Get Value From JSON using JSONPath</doc>
<arguments>
<arg>${elementValue}</arg>
<arg>$.symbol</arg>
</arguments>
<assign>
<var>${symbol}</var>
</assign>
<msg timestamp="20200812 11:11:25.699" level="INFO">${symbol} = ['AMPL']</msg>
<status status="PASS" starttime="20200812 11:11:25.637" endtime="20200812 11:11:25.699"></status>
</kw>
<kw name="Append To List" library="Collections">
<doc>Adds ``values`` to the end of ``list``.</doc>
<arguments>
<arg>${symbol_list}</arg>
<arg>${symbol[0]}</arg>
</arguments>
<status status="PASS" starttime="20200812 11:11:25.699" endtime="20200812 11:11:25.699"></status>
</kw>
<kw name="Get Value From Json" library="JSONLibrary">
<doc>Get Value From JSON using JSONPath</doc>
<arguments>
<arg>${elementValue}</arg>
<arg>$.name</arg>
</arguments>
<assign>
<var>${name}</var>
</assign>
<msg timestamp="20200812 11:11:25.761" level="INFO">${name} = ['Ampleforth']</msg>
<status status="PASS" starttime="20200812 11:11:25.700" endtime="20200812 11:11:25.761"></status>
</kw>
<kw name="Append To List" library="Collections">
<doc>Adds ``values`` to the end of ``list``.</doc>
<arguments>
<arg>${name_list}</arg>
<arg>${name[0]}</arg>
</arguments>
<status status="PASS" starttime="20200812 11:11:25.761" endtime="20200812 11:11:25.762"></status>
</kw>
<kw name="Get Value From Json" library="JSONLibrary">
<doc>Get Value From JSON using JSONPath</doc>
<arguments>
<arg>${elementValue}</arg>
<arg>$.contractAddress</arg>
</arguments>
<assign>
<var>${contractAddress}</var>
</assign>
<msg timestamp="20200812 11:11:25.826" level="INFO">${contractAddress} = ['0xd46ba6d942050d489dbd938a2c909a5d5039a161']</msg>
<status status="PASS" starttime="20200812 11:11:25.762" endtime="20200812 11:11:25.826"></status>
</kw>
<kw name="Append To List" library="Collections">
<doc>Adds ``values`` to the end of ``list``.</doc>
<arguments>
<arg>${contractAddress_list}</arg>
<arg>${contractAddress[0]}</arg>
</arguments>
<status status="PASS" starttime="20200812 11:11:25.827" endtime="20200812 11:11:25.827"></status>
</kw>
<kw name="Get Value From Json" library="JSONLibrary">
<doc>Get Value From JSON using JSONPath</doc>
<arguments>
<arg>${elementValue}</arg>
<arg>$.decimals</arg>
</arguments>
<assign>
<var>${decimals}</var>
</assign>
<msg timestamp="20200812 11:11:25.896" level="INFO">${decimals} = [9]</msg>
<status status="PASS" starttime="20200812 11:11:25.828" endtime="20200812 11:11:25.897"></status>
</kw>
<kw name="Append To List" library="Collections">
<doc>Adds ``values`` to the end of ``list``.</doc>
<arguments>
<arg>${decimals_list}</arg>
<arg>${decimals[0]}</arg>
</arguments>
<status status="PASS" starttime="20200812 11:11:25.897" endtime="20200812 11:11:25.898"></status>
</kw>
<kw name="Get Value From Json" library="JSONLibrary">
<doc>Get Value From JSON using JSONPath</doc>
<arguments>
<arg>${elementValue}</arg>
<arg>$.currentPrice</arg>
</arguments>
<assign>
<var>${currentPrice}</var>
</assign>
<msg timestamp="20200812 11:11:25.962" level="INFO">${currentPrice} = [0.002493899286897446]</msg>
<status status="PASS" starttime="20200812 11:11:25.898" endtime="20200812 11:11:25.962"></status>
</kw>
<kw name="Append To List" library="Collections">
<doc>Adds ``values`` to the end of ``list``.</doc>
<arguments>
<arg>${currentPrice_list}</arg>
<arg>${currentPrice[0]}</arg>
</arguments>
<status status="PASS" starttime="20200812 11:11:25.963" endtime="20200812 11:11:25.963"></status>
</kw>
<kw name="Get Value From Json" library="JSONLibrary">
<doc>Get Value From JSON using JSONPath</doc>
<arguments>
<arg>${elementValue}</arg>
<arg>$.lastPrice</arg>
</arguments>
<assign>
<var>${lastPrice}</var>
</assign>
<msg timestamp="20200812 11:11:26.007" level="INFO">${lastPrice} = [0.002321048143868329]</msg>
<status status="PASS" starttime="20200812 11:11:25.963" endtime="20200812 11:11:26.007"></status>
</kw>
<kw name="Append To List" library="Collections">
<doc>Adds ``values`` to the end of ``list``.</doc>
<arguments>
<arg>${lastPrice_list}</arg>
<arg>${lastPrice[0]}</arg>
</arguments>
<status status="PASS" starttime="20200812 11:11:26.007" endtime="20200812 11:11:26.008"></status>
</kw>
<kw name="Get Value From Json" library="JSONLibrary">
<doc>Get Value From JSON using JSONPath</doc>
<arguments>
<arg>${elementValue}</arg>
<arg>$.lastTimestamp</arg>
</arguments>
<assign>
<var>${lastTimestamp}</var>
</assign>
<msg timestamp="20200812 11:11:26.093" level="INFO">${lastTimestamp} = [1597205411]</msg>
<status status="PASS" starttime="20200812 11:11:26.008" endtime="20200812 11:11:26.093"></status>
</kw>
<kw name="Append To List" library="Collections">
<doc>Adds ``values`` to the end of ``list``.</doc>
<arguments>
<arg>${lastTimestamp_list}</arg>
<arg>${lastTimestamp[0]}</arg>
</arguments>
<status status="PASS" starttime="20200812 11:11:26.094" endtime="20200812 11:11:26.094"></status>
</kw>
<kw name="Get Value From Json" library="JSONLibrary">
<doc>Get Value From JSON using JSONPath</doc>
<arguments>
<arg>${elementValue}</arg>
<arg>$.baseVolume</arg>
</arguments>
<assign>
<var>${baseVolume}</var>
</assign>
<msg timestamp="20200812 11:11:26.223" level="INFO">${baseVolume} = [172931.895696846]</msg>
<status status="PASS" starttime="20200812 11:11:26.095" endtime="20200812 11:11:26.223"></status>
</kw>
<kw name="Append To List" library="Collections">
<doc>Adds ``values`` to the end of ``list``.</doc>
<arguments>
<arg>${baseVolume_list}</arg>
<arg>${baseVolume[0]}</arg>
</arguments>
<status status="PASS" starttime="20200812 11:11:26.223" endtime="20200812 11:11:26.224"></status>
</kw>
<kw name="Get Value From Json" library="JSONLibrary">
<doc>Get Value From JSON using JSONPath</doc>
<arguments>
<arg>${elementValue}</arg>
<arg>$.quoteVolume</arg>
</arguments>
<assign>
<var>${quoteVolume}</var>
</assign>
<msg timestamp="20200812 11:11:26.330" level="INFO">${quoteVolume} = [337.2127218669326]</msg>
<status status="PASS" starttime="20200812 11:11:26.225" endtime="20200812 11:11:26.330"></status>
</kw>
<kw name="Append To List" library="Collections">
<doc>Adds ``values`` to the end of ``list``.</doc>
<arguments>
<arg>${quoteVolume_list}</arg>
<arg>${quoteVolume[0]}</arg>
</arguments>
<status status="PASS" starttime="20200812 11:11:26.331" endtime="20200812 11:11:26.332"></status>
</kw>
<status status="PASS" starttime="20200812 11:11:25.635" endtime="20200812 11:11:26.332"></status>
</kw>
<kw name="${i} = 3" type="foritem">
<kw name="Get From Dictionary" library="Collections">
<doc>Returns a value from the given ``dictionary`` based on the given ``key``.</doc>
<arguments>
<arg>${jsondata}</arg>
<arg>${keys_tp[${i}]}</arg>
</arguments>
<assign>
<var>${elementValue}</var>
</assign>
<msg timestamp="20200812 11:11:26.334" level="INFO">${elementValue} = {'symbol': 'ANT', 'name': 'Aragon', 'contractAddress': '0x960b236a07cf122663c4303350609a66a7b288c0', 'decimals': 18, 'currentPrice': 0.01135103419383882, 'lastPrice': 0.010158740279560296, 'lastTimest...</msg>
<status status="PASS" starttime="20200812 11:11:26.333" endtime="20200812 11:11:26.334"></status>
</kw>
<kw name="Get Value From Json" library="JSONLibrary">
<doc>Get Value From JSON using JSONPath</doc>
<arguments>
<arg>${elementValue}</arg>
<arg>$.symbol</arg>
</arguments>
<assign>
<var>${symbol}</var>
</assign>
<msg timestamp="20200812 11:11:26.417" level="INFO">${symbol} = ['ANT']</msg>
<status status="PASS" starttime="20200812 11:11:26.335" endtime="20200812 11:11:26.417"></status>
</kw>
<kw name="Append To List" library="Collections">
<doc>Adds ``values`` to the end of ``list``.</doc>
<arguments>
<arg>${symbol_list}</arg>
<arg>${symbol[0]}</arg>
</arguments>
<status status="PASS" starttime="20200812 11:11:26.417" endtime="20200812 11:11:26.418"></status>
</kw>
<kw name="Get Value From Json" library="JSONLibrary">
<doc>Get Value From JSON using JSONPath</doc>
<arguments>
<arg>${elementValue}</arg>
<arg>$.name</arg>
</arguments>
<assign>
<var>${name}</var>
</assign>
<msg timestamp="20200812 11:11:26.498" level="INFO">${name} = ['Aragon']</msg>
<status status="PASS" starttime="20200812 11:11:26.418" endtime="20200812 11:11:26.499"></status>
</kw>
<kw name="Append To List" library="Collections">
<doc>Adds ``values`` to the end of ``list``.</doc>
<arguments>
<arg>${name_list}</arg>
<arg>${name[0]}</arg>
</arguments>
<status status="PASS" starttime="20200812 11:11:26.499" endtime="20200812 11:11:26.500"></status>
</kw>
<kw name="Get Value From Json" library="JSONLibrary">
<doc>Get Value From JSON using JSONPath</doc>
<arguments>
<arg>${elementValue}</arg>
<arg>$.contractAddress</arg>
</arguments>
<assign>
<var>${contractAddress}</var>
</assign>
<msg timestamp="20200812 11:11:26.555" level="INFO">${contractAddress} = ['0x960b236a07cf122663c4303350609a66a7b288c0']</msg>
<status status="PASS" starttime="20200812 11:11:26.500" endtime="20200812 11:11:26.555"></status>
</kw>
<kw name="Append To List" library="Collections">
<doc>Adds ``values`` to the end of ``list``.</doc>
<arguments>
<arg>${contractAddress_list}</arg>
<arg>${contractAddress[0]}</arg>
</arguments>
<status status="PASS" starttime="20200812 11:11:26.555" endtime="20200812 11:11:26.556"></status>
</kw>
<kw name="Get Value From Json" library="JSONLibrary">
<doc>Get Value From JSON using JSONPath</doc>
<arguments>
<arg>${elementValue}</arg>
<arg>$.decimals</arg>
</arguments>
<assign>
<var>${decimals}</var>
</assign>
<msg timestamp="20200812 11:11:26.604" level="INFO">${decimals} = [18]</msg>
<status status="PASS" starttime="20200812 11:11:26.556" endtime="20200812 11:11:26.604"></status>
</kw>
<kw name="Append To List" library="Collections">
<doc>Adds ``values`` to the end of ``list``.</doc>
<arguments>
<arg>${decimals_list}</arg>
<arg>${decimals[0]}</arg>
</arguments>
<status status="PASS" starttime="20200812 11:11:26.604" endtime="20200812 11:11:26.605"></status>
</kw>
<kw name="Get Value From Json" library="JSONLibrary">
<doc>Get Value From JSON using JSONPath</doc>
<arguments>
<arg>${elementValue}</arg>
<arg>$.currentPrice</arg>
</arguments>
<assign>
<var>${currentPrice}</var>
</assign>
<msg timestamp="20200812 11:11:26.666" level="INFO">${currentPrice} = [0.01135103419383882]</msg>
<status status="PASS" starttime="20200812 11:11:26.605" endtime="20200812 11:11:26.666"></status>
</kw>
<kw name="Append To List" library="Collections">
<doc>Adds ``values`` to the end of ``list``.</doc>
<arguments>
<arg>${currentPrice_list}</arg>
<arg>${currentPrice[0]}</arg>
</arguments>
<status status="PASS" starttime="20200812 11:11:26.666" endtime="20200812 11:11:26.666"></status>
</kw>
<kw name="Get Value From Json" library="JSONLibrary">
<doc>Get Value From JSON using JSONPath</doc>
<arguments>
<arg>${elementValue}</arg>
<arg>$.lastPrice</arg>
</arguments>
<assign>
<var>${lastPrice}</var>
</assign>
<msg timestamp="20200812 11:11:26.710" level="INFO">${lastPrice} = [0.010158740279560296]</msg>
<status status="PASS" starttime="20200812 11:11:26.667" endtime="20200812 11:11:26.710"></status>
</kw>
<kw name="Append To List" library="Collections">
<doc>Adds ``values`` to the end of ``list``.</doc>
<arguments>
<arg>${lastPrice_list}</arg>
<arg>${lastPrice[0]}</arg>
</arguments>
<status status="PASS" starttime="20200812 11:11:26.711" endtime="20200812 11:11:26.712"></status>
</kw>
<kw name="Get Value From Json" library="JSONLibrary">
<doc>Get Value From JSON using JSONPath</doc>
<arguments>
<arg>${elementValue}</arg>
<arg>$.lastTimestamp</arg>
</arguments>
<assign>
<var>${lastTimestamp}</var>
</assign>
<msg timestamp="20200812 11:11:26.878" level="INFO">${lastTimestamp} = [1597205411]</msg>
<status status="PASS" starttime="20200812 11:11:26.712" endtime="20200812 11:11:26.878"></status>
</kw>
<kw name="Append To List" library="Collections">
<doc>Adds ``values`` to the end of ``list``.</doc>
<arguments>
<arg>${lastTimestamp_list}</arg>
<arg>${lastTimestamp[0]}</arg>
</arguments>
<status status="PASS" starttime="20200812 11:11:26.878" endtime="20200812 11:11:26.880"></status>
</kw>
<kw name="Get Value From Json" library="JSONLibrary">
<doc>Get Value From JSON using JSONPath</doc>
<arguments>
<arg>${elementValue}</arg>
<arg>$.baseVolume</arg>
</arguments>
<assign>
<var>${baseVolume}</var>
</assign>
<msg timestamp="20200812 11:11:26.981" level="INFO">${baseVolume} = [10552.472515187788]</msg>
<status status="PASS" starttime="20200812 11:11:26.881" endtime="20200812 11:11:26.981"></status>
</kw>
<kw name="Append To List" library="Collections">
<doc>Adds ``values`` to the end of ``list``.</doc>
<arguments>
<arg>${baseVolume_list}</arg>
<arg>${baseVolume[0]}</arg>
</arguments>
<status status="PASS" starttime="20200812 11:11:26.982" endtime="20200812 11:11:26.982"></status>
</kw>
<kw name="Get Value From Json" library="JSONLibrary">
<doc>Get Value From JSON using JSONPath</doc>
<arguments>
<arg>${elementValue}</arg>
<arg>$.quoteVolume</arg>
</arguments>
<assign>
<var>${quoteVolume}</var>
</assign>
<msg timestamp="20200812 11:11:27.090" level="INFO">${quoteVolume} = [105.81618538176255]</msg>
<status status="PASS" starttime="20200812 11:11:26.983" endtime="20200812 11:11:27.090"></status>
</kw>
<kw name="Append To List" library="Collections">
<doc>Adds ``values`` to the end of ``list``.</doc>
<arguments>
<arg>${quoteVolume_list}</arg>
<arg>${quoteVolume[0]}</arg>
</arguments>
<status status="PASS" starttime="20200812 11:11:27.090" endtime="20200812 11:11:27.091"></status>
</kw>
<status status="PASS" starttime="20200812 11:11:26.332" endtime="20200812 11:11:27.091"></status>
</kw>
<kw name="${i} = 4" type="foritem">
<kw name="Get From Dictionary" library="Collections">
<doc>Returns a value from the given ``dictionary`` based on the given ``key``.</doc>
<arguments>
<arg>${jsondata}</arg>
<arg>${keys_tp[${i}]}</arg>
</arguments>
<assign>
<var>${elementValue}</var>
</assign>
<msg timestamp="20200812 11:11:27.092" level="INFO">${elementValue} = {'symbol': 'BAM', 'name': 'Bamboo', 'contractAddress': '0x22b3faaa8df978f6bafe18aade18dc2e3dfa0e0c', 'decimals': 18, 'currentPrice': 0, 'lastPrice': 0, 'lastTimestamp': 1597205, 'baseVolume': 0, 'quot...</msg>
<status status="PASS" starttime="20200812 11:11:27.091" endtime="20200812 11:11:27.092"></status>
</kw>
<kw name="Get Value From Json" library="JSONLibrary">
<doc>Get Value From JSON using JSONPath</doc>
<arguments>
<arg>${elementValue}</arg>
<arg>$.symbol</arg>
</arguments>
<assign>
<var>${symbol}</var>
</assign>
<msg timestamp="20200812 11:11:27.173" level="INFO">${symbol} = ['BAM']</msg>
<status status="PASS" starttime="20200812 11:11:27.093" endtime="20200812 11:11:27.174"></status>
</kw>
<kw name="Append To List" library="Collections">
<doc>Adds ``values`` to the end of ``list``.</doc>
<arguments>
<arg>${symbol_list}</arg>
<arg>${symbol[0]}</arg>
</arguments>
<status status="PASS" starttime="20200812 11:11:27.174" endtime="20200812 11:11:27.175"></status>
</kw>
<kw name="Get Value From Json" library="JSONLibrary">
<doc>Get Value From JSON using JSONPath</doc>
<arguments>
<arg>${elementValue}</arg>
<arg>$.name</arg>
</arguments>
<assign>
<var>${name}</var>
</assign>
<msg timestamp="20200812 11:11:27.299" level="INFO">${name} = ['Bamboo']</msg>
<status status="PASS" starttime="20200812 11:11:27.176" endtime="20200812 11:11:27.299"></status>
</kw>
<kw name="Append To List" library="Collections">
<doc>Adds ``values`` to the end of ``list``.</doc>
<arguments>
<arg>${name_list}</arg>
<arg>${name[0]}</arg>
</arguments>
<status status="PASS" starttime="20200812 11:11:27.300" endtime="20200812 11:11:27.301"></status>
</kw>
<kw name="Get Value From Json" library="JSONLibrary">
<doc>Get Value From JSON using JSONPath</doc>
<arguments>
<arg>${elementValue}</arg>
<arg>$.contractAddress</arg>
</arguments>
<assign>
<var>${contractAddress}</var>
</assign>
<msg timestamp="20200812 11:11:27.418" level="INFO">${contractAddress} = ['0x22b3faaa8df978f6bafe18aade18dc2e3dfa0e0c']</msg>
<status status="PASS" starttime="20200812 11:11:27.301" endtime="20200812 11:11:27.418"></status>
</kw>
<kw name="Append To List" library="Collections">
<doc>Adds ``values`` to the end of ``list``.</doc>
<arguments>
<arg>${contractAddress_list}</arg>
<arg>${contractAddress[0]}</arg>
</arguments>
<status status="PASS" starttime="20200812 11:11:27.418" endtime="20200812 11:11:27.419"></status>
</kw>
<kw name="Get Value From Json" library="JSONLibrary">
<doc>Get Value From JSON using JSONPath</doc>
<arguments>
<arg>${elementValue}</arg>
<arg>$.decimals</arg>
</arguments>
<assign>
<var>${decimals}</var>
</assign>
<msg timestamp="20200812 11:11:27.511" level="INFO">${decimals} = [18]</msg>
<status status="PASS" starttime="20200812 11:11:27.419" endtime="20200812 11:11:27.512"></status>
</kw>
<kw name="Append To List" library="Collections">
<doc>Adds ``values`` to the end of ``list``.</doc>
<arguments>
<arg>${decimals_list}</arg>
<arg>${decimals[0]}</arg>
</arguments>
<status status="PASS" starttime="20200812 11:11:27.512" endtime="20200812 11:11:27.513"></status>
</kw>
<kw name="Get Value From Json" library="JSONLibrary">
<doc>Get Value From JSON using JSONPath</doc>
<arguments>
<arg>${elementValue}</arg>
<arg>$.currentPrice</arg>
</arguments>
<assign>
<var>${currentPrice}</var>
</assign>
<msg timestamp="20200812 11:11:27.608" level="INFO">${currentPrice} = [0]</msg>
<status status="PASS" starttime="20200812 11:11:27.514" endtime="20200812 11:11:27.609"></status>
</kw>
<kw name="Append To List" library="Collections">
<doc>Adds ``values`` to the end of ``list``.</doc>
<arguments>
<arg>${currentPrice_list}</arg>
<arg>${currentPrice[0]}</arg>
</arguments>
<status status="PASS" starttime="20200812 11:11:27.609" endtime="20200812 11:11:27.610"></status>
</kw>
<kw name="Get Value From Json" library="JSONLibrary">
<doc>Get Value From JSON using JSONPath</doc>
<arguments>
<arg>${elementValue}</arg>
<arg>$.lastPrice</arg>
</arguments>
<assign>
<var>${lastPrice}</var>
</assign>
<msg timestamp="20200812 11:11:27.709" level="INFO">${lastPrice} = [0]</msg>
<status status="PASS" starttime="20200812 11:11:27.611" endtime="20200812 11:11:27.710"></status>
</kw>
<kw name="Append To List" library="Collections">
<doc>Adds ``values`` to the end of ``list``.</doc>
<arguments>
<arg>${lastPrice_list}</arg>
<arg>${lastPrice[0]}</arg>
</arguments>
<status status="PASS" starttime="20200812 11:11:27.710" endtime="20200812 11:11:27.711"></status>
</kw>
<kw name="Get Value From Json" library="JSONLibrary">
<doc>Get Value From JSON using JSONPath</doc>
<arguments>
<arg>${elementValue}</arg>
<arg>$.lastTimestamp</arg>
</arguments>
<assign>
<var>${lastTimestamp}</var>
</assign>
<msg timestamp="20200812 11:11:27.797" level="INFO">${lastTimestamp} = [1597205]</msg>
<status status="PASS" starttime="20200812 11:11:27.711" endtime="20200812 11:11:27.797"></status>
</kw>
<kw name="Append To List" library="Collections">
<doc>Adds ``values`` to the end of ``list``.</doc>
<arguments>
<arg>${lastTimestamp_list}</arg>
<arg>${lastTimestamp[0]}</arg>
</arguments>
<status status="PASS" starttime="20200812 11:11:27.797" endtime="20200812 11:11:27.798"></status>
</kw>
<kw name="Get Value From Json" library="JSONLibrary">
<doc>Get Value From JSON using JSONPath</doc>
<arguments>
<arg>${elementValue}</arg>
<arg>$.baseVolume</arg>
</arguments>
<assign>
<var>${baseVolume}</var>
</assign>
<msg timestamp="20200812 11:11:27.887" level="INFO">${baseVolume} = [0]</msg>
<status status="PASS" starttime="20200812 11:11:27.798" endtime="20200812 11:11:27.887"></status>
</kw>
<kw name="Append To List" library="Collections">
<doc>Adds ``values`` to the end of ``list``.</doc>
<arguments>
<arg>${baseVolume_list}</arg>
<arg>${baseVolume[0]}</arg>
</arguments>
<status status="PASS" starttime="20200812 11:11:27.888" endtime="20200812 11:11:27.890"></status>
</kw>
<kw name="Get Value From Json" library="JSONLibrary">
<doc>Get Value From JSON using JSONPath</doc>
<arguments>
<arg>${elementValue}</arg>
<arg>$.quoteVolume</arg>
</arguments>
<assign>
<var>${quoteVolume}</var>
</assign>
<msg timestamp="20200812 11:11:28.095" level="INFO">${quoteVolume} = [0]</msg>
<status status="PASS" starttime="20200812 11:11:27.891" endtime="20200812 11:11:28.095"></status>
</kw>
<kw name="Append To List" library="Collections">
<doc>Adds ``values`` to the end of ``list``.</doc>
<arguments>
<arg>${quoteVolume_list}</arg>
<arg>${quoteVolume[0]}</arg>
</arguments>
<status status="PASS" starttime="20200812 11:11:28.096" endtime="20200812 11:11:28.097"></status>
</kw>
<status status="PASS" starttime="20200812 11:11:27.091" endtime="20200812 11:11:28.097"></status>
</kw>
<kw name="${i} = 5" type="foritem">
<kw name="Get From Dictionary" library="Collections">
<doc>Returns a value from the given ``dictionary`` based on the given ``key``.</doc>
<arguments>
<arg>${jsondata}</arg>
<arg>${keys_tp[${i}]}</arg>
</arguments>
<assign>
<var>${elementValue}</var>
</assign>
<msg timestamp="20200812 11:11:28.099" level="INFO">${elementValue} = {'symbol': 'BAND', 'name': 'Band Protocol', 'contractAddress': '0xba11d00c5f74255f56a5e366f4f77f5a186d7f55', 'decimals': 18, 'currentPrice': 0.030762346302232936, 'lastPrice': 0.029878458488414337, 'l...</msg>
<status status="PASS" starttime="20200812 11:11:28.098" endtime="20200812 11:11:28.099"></status>
</kw>
<kw name="Get Value From Json" library="JSONLibrary">
<doc>Get Value From JSON using JSONPath</doc>
<arguments>
<arg>${elementValue}</arg>
<arg>$.symbol</arg>
</arguments>
<assign>
<var>${symbol}</var>
</assign>
<msg timestamp="20200812 11:11:28.227" level="INFO">${symbol} = ['BAND']</msg>
<status status="PASS" starttime="20200812 11:11:28.100" endtime="20200812 11:11:28.227"></status>
</kw>
<kw name="Append To List" library="Collections">
<doc>Adds ``values`` to the end of ``list``.</doc>
<arguments>
<arg>${symbol_list}</arg>
<arg>${symbol[0]}</arg>
</arguments>
<status status="PASS" starttime="20200812 11:11:28.229" endtime="20200812 11:11:28.231"></status>
</kw>
<kw name="Get Value From Json" library="JSONLibrary">
<doc>Get Value From JSON using JSONPath</doc>
<arguments>
<arg>${elementValue}</arg>
<arg>$.name</arg>
</arguments>
<assign>
<var>${name}</var>
</assign>
<msg timestamp="20200812 11:11:28.357" level="INFO">${name} = ['Band Protocol']</msg>
<status status="PASS" starttime="20200812 11:11:28.232" endtime="20200812 11:11:28.357"></status>
</kw>
<kw name="Append To List" library="Collections">
<doc>Adds ``values`` to the end of ``list``.</doc>
<arguments>
<arg>${name_list}</arg>
<arg>${name[0]}</arg>
</arguments>
<status status="PASS" starttime="20200812 11:11:28.357" endtime="20200812 11:11:28.359"></status>
</kw>
<kw name="Get Value From Json" library="JSONLibrary">
<doc>Get Value From JSON using JSONPath</doc>
<arguments>
<arg>${elementValue}</arg>
<arg>$.contractAddress</arg>
</arguments>
<assign>
<var>${contractAddress}</var>
</assign>
<msg timestamp="20200812 11:11:28.477" level="INFO">${contractAddress} = ['0xba11d00c5f74255f56a5e366f4f77f5a186d7f55']</msg>
<status status="PASS" starttime="20200812 11:11:28.359" endtime="20200812 11:11:28.477"></status>
</kw>
<kw name="Append To List" library="Collections">
<doc>Adds ``values`` to the end of ``list``.</doc>
<arguments>
<arg>${contractAddress_list}</arg>
<arg>${contractAddress[0]}</arg>
</arguments>
<status status="PASS" starttime="20200812 11:11:28.478" endtime="20200812 11:11:28.479"></status>
</kw>
<kw name="Get Value From Json" library="JSONLibrary">
<doc>Get Value From JSON using JSONPath</doc>
<arguments>
<arg>${elementValue}</arg>
<arg>$.decimals</arg>
</arguments>
<assign>
<var>${decimals}</var>
</assign>
<msg timestamp="20200812 11:11:28.582" level="INFO">${decimals} = [18]</msg>
<status status="PASS" starttime="20200812 11:11:28.480" endtime="20200812 11:11:28.582"></status>
</kw>
<kw name="Append To List" library="Collections">
<doc>Adds ``values`` to the end of ``list``.</doc>
<arguments>
<arg>${decimals_list}</arg>
<arg>${decimals[0]}</arg>
</arguments>
<status status="PASS" starttime="20200812 11:11:28.583" endtime="20200812 11:11:28.584"></status>
</kw>
<kw name="Get Value From Json" library="JSONLibrary">
<doc>Get Value From JSON using JSONPath</doc>
<arguments>
<arg>${elementValue}</arg>
<arg>$.currentPrice</arg>
</arguments>
<assign>
<var>${currentPrice}</var>
</assign>
<msg timestamp="20200812 11:11:28.679" level="INFO">${currentPrice} = [0.030762346302232936]</msg>
<status status="PASS" starttime="20200812 11:11:28.584" endtime="20200812 11:11:28.679"></status>
</kw>
<kw name="Append To List" library="Collections">
<doc>Adds ``values`` to the end of ``list``.</doc>
<arguments>
<arg>${currentPrice_list}</arg>
<arg>${currentPrice[0]}</arg>
</arguments>
<status status="PASS" starttime="20200812 11:11:28.679" endtime="20200812 11:11:28.680"></status>
</kw>
<kw name="Get Value From Json" library="JSONLibrary">
<doc>Get Value From JSON using JSONPath</doc>
<arguments>
<arg>${elementValue}</arg>
<arg>$.lastPrice</arg>
</arguments>
<assign>
<var>${lastPrice}</var>
</assign>
<msg timestamp="20200812 11:11:28.761" level="INFO">${lastPrice} = [0.029878458488414337]</msg>
<status status="PASS" starttime="20200812 11:11:28.680" endtime="20200812 11:11:28.761"></status>
</kw>
<kw name="Append To List" library="Collections">
<doc>Adds ``values`` to the end of ``list``.</doc>
<arguments>
<arg>${lastPrice_list}</arg>
<arg>${lastPrice[0]}</arg>
</arguments>
<status status="PASS" starttime="20200812 11:11:28.761" endtime="20200812 11:11:28.762"></status>
</kw>
<kw name="Get Value From Json" library="JSONLibrary">
<doc>Get Value From JSON using JSONPath</doc>
<arguments>
<arg>${elementValue}</arg>
<arg>$.lastTimestamp</arg>
</arguments>
<assign>
<var>${lastTimestamp}</var>
</assign>
<msg timestamp="20200812 11:11:28.837" level="INFO">${lastTimestamp} = [1597205411]</msg>
<status status="PASS" starttime="20200812 11:11:28.762" endtime="20200812 11:11:28.837"></status>
</kw>
<kw name="Append To List" library="Collections">
<doc>Adds ``values`` to the end of ``list``.</doc>
<arguments>
<arg>${lastTimestamp_list}</arg>
<arg>${lastTimestamp[0]}</arg>
</arguments>
<status status="PASS" starttime="20200812 11:11:28.838" endtime="20200812 11:11:28.838"></status>
</kw>
<kw name="Get Value From Json" library="JSONLibrary">
<doc>Get Value From JSON using JSONPath</doc>
<arguments>
<arg>${elementValue}</arg>
<arg>$.baseVolume</arg>
</arguments>
<assign>
<var>${baseVolume}</var>
</assign>
<msg timestamp="20200812 11:11:28.940" level="INFO">${baseVolume} = [10837.29464327301]</msg>
<status status="PASS" starttime="20200812 11:11:28.839" endtime="20200812 11:11:28.940"></status>
</kw>
<kw name="Append To List" library="Collections">
<doc>Adds ``values`` to the end of ``list``.</doc>
<arguments>
<arg>${baseVolume_list}</arg>
<arg>${baseVolume[0]}</arg>
</arguments>
<status status="PASS" starttime="20200812 11:11:28.940" endtime="20200812 11:11:28.941"></status>
</kw>
<kw name="Get Value From Json" library="JSONLibrary">
<doc>Get Value From JSON using JSONPath</doc>
<arguments>
<arg>${elementValue}</arg>
<arg>$.quoteVolume</arg>
</arguments>
<assign>
<var>${quoteVolume}</var>
</assign>
<msg timestamp="20200812 11:11:29.021" level="INFO">${quoteVolume} = [366.80144347111855]</msg>
<status status="PASS" starttime="20200812 11:11:28.941" endtime="20200812 11:11:29.021"></status>
</kw>
<kw name="Append To List" library="Collections">
<doc>Adds ``values`` to the end of ``list``.</doc>
[...]
</assign>
<msg timestamp="20200812 11:12:17.140" level="INFO">${contractAddress} = ['0xc02aaa39b223fe8d0a0e5c4f27ead9083c756cc2']</msg>
<status status="PASS" starttime="20200812 11:12:17.091" endtime="20200812 11:12:17.140"></status>
</kw>
<kw name="Append To List" library="Collections">
<doc>Adds ``values`` to the end of ``list``.</doc>
<arguments>
<arg>${contractAddress_list}</arg>
<arg>${contractAddress[0]}</arg>
</arguments>
<status status="PASS" starttime="20200812 11:12:17.140" endtime="20200812 11:12:17.141"></status>
</kw>
<kw name="Get Value From Json" library="JSONLibrary">
<doc>Get Value From JSON using JSONPath</doc>
<arguments>
<arg>${elementValue}</arg>
<arg>$.decimals</arg>
</arguments>
<assign>
<var>${decimals}</var>
</assign>
<msg timestamp="20200812 11:12:17.197" level="INFO">${decimals} = [18]</msg>
<status status="PASS" starttime="20200812 11:12:17.141" endtime="20200812 11:12:17.197"></status>
</kw>
<kw name="Append To List" library="Collections">
<doc>Adds ``values`` to the end of ``list``.</doc>
<arguments>
<arg>${decimals_list}</arg>
<arg>${decimals[0]}</arg>
</arguments>
<status status="PASS" starttime="20200812 11:12:17.197" endtime="20200812 11:12:17.197"></status>
</kw>
<kw name="Get Value From Json" library="JSONLibrary">
<doc>Get Value From JSON using JSONPath</doc>
<arguments>
<arg>${elementValue}</arg>
<arg>$.currentPrice</arg>
</arguments>
<assign>
<var>${currentPrice}</var>
</assign>
<msg timestamp="20200812 11:12:17.296" level="INFO">${currentPrice} = [1]</msg>
<status status="PASS" starttime="20200812 11:12:17.198" endtime="20200812 11:12:17.297"></status>
</kw>
<kw name="Append To List" library="Collections">
<doc>Adds ``values`` to the end of ``list``.</doc>
<arguments>
<arg>${currentPrice_list}</arg>
<arg>${currentPrice[0]}</arg>
</arguments>
<status status="PASS" starttime="20200812 11:12:17.297" endtime="20200812 11:12:17.298"></status>
</kw>
<kw name="Get Value From Json" library="JSONLibrary">
<doc>Get Value From JSON using JSONPath</doc>
<arguments>
<arg>${elementValue}</arg>
<arg>$.lastPrice</arg>
</arguments>
<assign>
<var>${lastPrice}</var>
</assign>
<msg timestamp="20200812 11:12:17.362" level="INFO">${lastPrice} = [1]</msg>
<status status="PASS" starttime="20200812 11:12:17.298" endtime="20200812 11:12:17.362"></status>
</kw>
<kw name="Append To List" library="Collections">
<doc>Adds ``values`` to the end of ``list``.</doc>
<arguments>
<arg>${lastPrice_list}</arg>
<arg>${lastPrice[0]}</arg>
</arguments>
<status status="PASS" starttime="20200812 11:12:17.363" endtime="20200812 11:12:17.363"></status>
</kw>
<kw name="Get Value From Json" library="JSONLibrary">
<doc>Get Value From JSON using JSONPath</doc>
<arguments>
<arg>${elementValue}</arg>
<arg>$.lastTimestamp</arg>
</arguments>
<assign>
<var>${lastTimestamp}</var>
</assign>
<msg timestamp="20200812 11:12:17.426" level="INFO">${lastTimestamp} = [1597205411]</msg>
<status status="PASS" starttime="20200812 11:12:17.364" endtime="20200812 11:12:17.426"></status>
</kw>
<kw name="Append To List" library="Collections">
<doc>Adds ``values`` to the end of ``list``.</doc>
<arguments>
<arg>${lastTimestamp_list}</arg>
<arg>${lastTimestamp[0]}</arg>
</arguments>
<status status="PASS" starttime="20200812 11:12:17.427" endtime="20200812 11:12:17.427"></status>
</kw>
<kw name="Get Value From Json" library="JSONLibrary">
<doc>Get Value From JSON using JSONPath</doc>
<arguments>
<arg>${elementValue}</arg>
<arg>$.baseVolume</arg>
</arguments>
<assign>
<var>${baseVolume}</var>
</assign>
<msg timestamp="20200812 11:12:17.485" level="INFO">${baseVolume} = [10681.966471271546]</msg>
<status status="PASS" starttime="20200812 11:12:17.428" endtime="20200812 11:12:17.485"></status>
</kw>
<kw name="Append To List" library="Collections">
<doc>Adds ``values`` to the end of ``list``.</doc>
<arguments>
<arg>${baseVolume_list}</arg>
<arg>${baseVolume[0]}</arg>
</arguments>
<status status="PASS" starttime="20200812 11:12:17.486" endtime="20200812 11:12:17.486"></status>
</kw>
<kw name="Get Value From Json" library="JSONLibrary">
<doc>Get Value From JSON using JSONPath</doc>
<arguments>
<arg>${elementValue}</arg>
<arg>$.quoteVolume</arg>
</arguments>
<assign>
<var>${quoteVolume}</var>
</assign>
<msg timestamp="20200812 11:12:17.562" level="INFO">${quoteVolume} = [10683.178538528482]</msg>
<status status="PASS" starttime="20200812 11:12:17.487" endtime="20200812 11:12:17.562"></status>
</kw>
<kw name="Append To List" library="Collections">
<doc>Adds ``values`` to the end of ``list``.</doc>
<arguments>
<arg>${quoteVolume_list}</arg>
<arg>${quoteVolume[0]}</arg>
</arguments>
<status status="PASS" starttime="20200812 11:12:17.562" endtime="20200812 11:12:17.563"></status>
</kw>
<status status="PASS" starttime="20200812 11:12:16.990" endtime="20200812 11:12:17.563"></status>
</kw>
<kw name="${i} = 89" type="foritem">
<kw name="Get From Dictionary" library="Collections">
<doc>Returns a value from the given ``dictionary`` based on the given ``key``.</doc>
<arguments>
<arg>${jsondata}</arg>
<arg>${keys_tp[${i}]}</arg>
</arguments>
<assign>
<var>${elementValue}</var>
</assign>
<msg timestamp="20200812 11:12:17.565" level="INFO">${elementValue} = {'symbol': 'ZRX', 'name': '0x Protocol', 'contractAddress': '0xe41d2489571d322189246dafa5ebde1f4699f498', 'decimals': 18, 'currentPrice': 0.001119134945502189, 'lastPrice': 0.0011254119604667302, 'las...</msg>
<status status="PASS" starttime="20200812 11:12:17.564" endtime="20200812 11:12:17.565"></status>
</kw>
<kw name="Get Value From Json" library="JSONLibrary">
<doc>Get Value From JSON using JSONPath</doc>
<arguments>
<arg>${elementValue}</arg>
<arg>$.symbol</arg>
</arguments>
<assign>
<var>${symbol}</var>
</assign>
<msg timestamp="20200812 11:12:17.648" level="INFO">${symbol} = ['ZRX']</msg>
<status status="PASS" starttime="20200812 11:12:17.565" endtime="20200812 11:12:17.648"></status>
</kw>
<kw name="Append To List" library="Collections">
<doc>Adds ``values`` to the end of ``list``.</doc>
<arguments>
<arg>${symbol_list}</arg>
<arg>${symbol[0]}</arg>
</arguments>
<status status="PASS" starttime="20200812 11:12:17.648" endtime="20200812 11:12:17.649"></status>
</kw>
<kw name="Get Value From Json" library="JSONLibrary">
<doc>Get Value From JSON using JSONPath</doc>
<arguments>
<arg>${elementValue}</arg>
<arg>$.name</arg>
</arguments>
<assign>
<var>${name}</var>
</assign>
<msg timestamp="20200812 11:12:17.699" level="INFO">${name} = ['0x Protocol']</msg>
<status status="PASS" starttime="20200812 11:12:17.649" endtime="20200812 11:12:17.699"></status>
</kw>
<kw name="Append To List" library="Collections">
<doc>Adds ``values`` to the end of ``list``.</doc>
<arguments>
<arg>${name_list}</arg>
<arg>${name[0]}</arg>
</arguments>
<status status="PASS" starttime="20200812 11:12:17.700" endtime="20200812 11:12:17.700"></status>
</kw>
<kw name="Get Value From Json" library="JSONLibrary">
<doc>Get Value From JSON using JSONPath</doc>
<arguments>
<arg>${elementValue}</arg>
<arg>$.contractAddress</arg>
</arguments>
<assign>
<var>${contractAddress}</var>
</assign>
<msg timestamp="20200812 11:12:17.766" level="INFO">${contractAddress} = ['0xe41d2489571d322189246dafa5ebde1f4699f498']</msg>
<status status="PASS" starttime="20200812 11:12:17.701" endtime="20200812 11:12:17.766"></status>
</kw>
<kw name="Append To List" library="Collections">
<doc>Adds ``values`` to the end of ``list``.</doc>
<arguments>
<arg>${contractAddress_list}</arg>
<arg>${contractAddress[0]}</arg>
</arguments>
<status status="PASS" starttime="20200812 11:12:17.767" endtime="20200812 11:12:17.768"></status>
</kw>
<kw name="Get Value From Json" library="JSONLibrary">
<doc>Get Value From JSON using JSONPath</doc>
<arguments>
<arg>${elementValue}</arg>
<arg>$.decimals</arg>
</arguments>
<assign>
<var>${decimals}</var>
</assign>
<msg timestamp="20200812 11:12:17.835" level="INFO">${decimals} = [18]</msg>
<status status="PASS" starttime="20200812 11:12:17.768" endtime="20200812 11:12:17.835"></status>
</kw>
<kw name="Append To List" library="Collections">
<doc>Adds ``values`` to the end of ``list``.</doc>
<arguments>
<arg>${decimals_list}</arg>
<arg>${decimals[0]}</arg>
</arguments>
<status status="PASS" starttime="20200812 11:12:17.835" endtime="20200812 11:12:17.836"></status>
</kw>
<kw name="Get Value From Json" library="JSONLibrary">
<doc>Get Value From JSON using JSONPath</doc>
<arguments>
<arg>${elementValue}</arg>
<arg>$.currentPrice</arg>
</arguments>
<assign>
<var>${currentPrice}</var>
</assign>
<msg timestamp="20200812 11:12:17.886" level="INFO">${currentPrice} = [0.001119134945502189]</msg>
<status status="PASS" starttime="20200812 11:12:17.836" endtime="20200812 11:12:17.886"></status>
</kw>
<kw name="Append To List" library="Collections">
<doc>Adds ``values`` to the end of ``list``.</doc>
<arguments>
<arg>${currentPrice_list}</arg>
<arg>${currentPrice[0]}</arg>
</arguments>
<status status="PASS" starttime="20200812 11:12:17.886" endtime="20200812 11:12:17.887"></status>
</kw>
<kw name="Get Value From Json" library="JSONLibrary">
<doc>Get Value From JSON using JSONPath</doc>
<arguments>
<arg>${elementValue}</arg>
<arg>$.lastPrice</arg>
</arguments>
<assign>
<var>${lastPrice}</var>
</assign>
<msg timestamp="20200812 11:12:17.933" level="INFO">${lastPrice} = [0.0011254119604667302]</msg>
<status status="PASS" starttime="20200812 11:12:17.887" endtime="20200812 11:12:17.933"></status>
</kw>
<kw name="Append To List" library="Collections">
<doc>Adds ``values`` to the end of ``list``.</doc>
<arguments>
<arg>${lastPrice_list}</arg>
<arg>${lastPrice[0]}</arg>
</arguments>
<status status="PASS" starttime="20200812 11:12:17.933" endtime="20200812 11:12:17.933"></status>
</kw>
<kw name="Get Value From Json" library="JSONLibrary">
<doc>Get Value From JSON using JSONPath</doc>
<arguments>
<arg>${elementValue}</arg>
<arg>$.lastTimestamp</arg>
</arguments>
<assign>
<var>${lastTimestamp}</var>
</assign>
<msg timestamp="20200812 11:12:17.980" level="INFO">${lastTimestamp} = [1597205411]</msg>
<status status="PASS" starttime="20200812 11:12:17.934" endtime="20200812 11:12:17.981"></status>
</kw>
<kw name="Append To List" library="Collections">
<doc>Adds ``values`` to the end of ``list``.</doc>
<arguments>
<arg>${lastTimestamp_list}</arg>
<arg>${lastTimestamp[0]}</arg>
</arguments>
<status status="PASS" starttime="20200812 11:12:17.981" endtime="20200812 11:12:17.981"></status>
</kw>
<kw name="Get Value From Json" library="JSONLibrary">
<doc>Get Value From JSON using JSONPath</doc>
<arguments>
<arg>${elementValue}</arg>
<arg>$.baseVolume</arg>
</arguments>
<assign>
<var>${baseVolume}</var>
</assign>
<msg timestamp="20200812 11:12:18.031" level="INFO">${baseVolume} = [117749.70917818221]</msg>
<status status="PASS" starttime="20200812 11:12:17.982" endtime="20200812 11:12:18.031"></status>
</kw>
<kw name="Append To List" library="Collections">
<doc>Adds ``values`` to the end of ``list``.</doc>
<arguments>
<arg>${baseVolume_list}</arg>
<arg>${baseVolume[0]}</arg>
</arguments>
<status status="PASS" starttime="20200812 11:12:18.031" endtime="20200812 11:12:18.032"></status>
</kw>
<kw name="Get Value From Json" library="JSONLibrary">
<doc>Get Value From JSON using JSONPath</doc>
<arguments>
<arg>${elementValue}</arg>
<arg>$.quoteVolume</arg>
</arguments>
<assign>
<var>${quoteVolume}</var>
</assign>
<msg timestamp="20200812 11:12:18.090" level="INFO">${quoteVolume} = [136.40695948215065]</msg>
<status status="PASS" starttime="20200812 11:12:18.033" endtime="20200812 11:12:18.090"></status>
</kw>
<kw name="Append To List" library="Collections">
<doc>Adds ``values`` to the end of ``list``.</doc>
<arguments>
<arg>${quoteVolume_list}</arg>
<arg>${quoteVolume[0]}</arg>
</arguments>
<status status="PASS" starttime="20200812 11:12:18.091" endtime="20200812 11:12:18.091"></status>
</kw>
<status status="PASS" starttime="20200812 11:12:17.563" endtime="20200812 11:12:18.091"></status>
</kw>
<status status="PASS" starttime="20200812 11:11:24.431" endtime="20200812 11:12:18.091"></status>
</kw>
<status status="PASS" starttime="20200812 11:11:24.409" endtime="20200812 11:12:18.091"></status>
</kw>
<kw name="Verify Timestamp Of Tokens Pairs By Refer Current Time">
<kw name="Verify Timestamp Of Tokens Pairs By Refer Current Time">
<kw name="Verify Timestamp Of Tokens Pairs By Refer Current Time">
<kw name="Verify Timestamp Of Tokens Pairs By Refer Current Time">
<kw name="Verify Timestamp Of Tokens Pairs By Refer Current Time">
<kw name="Verify Timestamp Of Tokens Pairs By Refer Current Time">
<kw name="Verify Timestamp Of Tokens Pairs By Refer Current Time">
<kw name="Verify Timestamp Of Tokens Pairs By Refer Current Time">
<kw name="Verify Timestamp Of Tokens Pairs By Refer Current Time">
<kw name="Verify Timestamp Of Tokens Pairs By Refer Current Time">
<kw name="Verify Timestamp Of Tokens Pairs By Refer Current Time">
<kw name="Verify Timestamp Of Tokens Pairs By Refer Current Time">
<kw name="Verify Timestamp Of Tokens Pairs By Refer Current Time">
<kw name="Verify Timestamp Of Tokens Pairs By Refer Current Time">
<kw name="Verify Timestamp Of Tokens Pairs By Refer Current Time">
<kw name="Verify Timestamp Of Tokens Pairs By Refer Current Time">
<kw name="Verify Timestamp Of Tokens Pairs By Refer Current Time">
<kw name="Verify Timestamp Of Tokens Pairs By Refer Current Time">
<kw name="Verify Timestamp Of Tokens Pairs By Refer Current Time">
<kw name="Verify Timestamp Of Tokens Pairs By Refer Current Time">
<kw name="Verify Timestamp Of Tokens Pairs By Refer Current Time">
<kw name="Verify Timestamp Of Tokens Pairs By Refer Current Time">
<kw name="Verify Timestamp Of Tokens Pairs By Refer Current Time">
<kw name="Verify Timestamp Of Tokens Pairs By Refer Current Time">
<kw name="Verify Timestamp Of Tokens Pairs By Refer Current Time">
<kw name="Verify Timestamp Of Tokens Pairs By Refer Current Time">
<kw name="Verify Timestamp Of Tokens Pairs By Refer Current Time">
<kw name="Verify Timestamp Of Tokens Pairs By Refer Current Time">
<kw name="Verify Timestamp Of Tokens Pairs By Refer Current Time">
<kw name="Verify Timestamp Of Tokens Pairs By Refer Current Time">
<kw name="Verify Timestamp Of Tokens Pairs By Refer Current Time">
<kw name="Verify Timestamp Of Tokens Pairs By Refer Current Time">
<kw name="Verify Timestamp Of Tokens Pairs By Refer Current Time">
<kw name="Verify Timestamp Of Tokens Pairs By Refer Current Time">
<kw name="Verify Timestamp Of Tokens Pairs By Refer Current Time">
<kw name="Verify Timestamp Of Tokens Pairs By Refer Current Time">
<kw name="Verify Timestamp Of Tokens Pairs By Refer Current Time">
<kw name="Verify Timestamp Of Tokens Pairs By Refer Current Time">
<kw name="Verify Timestamp Of Tokens Pairs By Refer Current Time">
<kw name="Verify Timestamp Of Tokens Pairs By Refer Current Time">
<kw name="Verify Timestamp Of Tokens Pairs By Refer Current Time">
<kw name="Verify Timestamp Of Tokens Pairs By Refer Current Time">
<msg timestamp="20200812 11:12:18.105" level="FAIL">Maximum limit of started keywords exceeded.</msg>
<status status="FAIL" starttime="20200812 11:12:18.105" endtime="20200812 11:12:18.105"></status>
</kw>
<status status="FAIL" starttime="20200812 11:12:18.105" endtime="20200812 11:12:18.106"></status>
</kw>
<status status="FAIL" starttime="20200812 11:12:18.104" endtime="20200812 11:12:18.106"></status>
</kw>
<status status="FAIL" starttime="20200812 11:12:18.104" endtime="20200812 11:12:18.106"></status>
</kw>
<status status="FAIL" starttime="20200812 11:12:18.104" endtime="20200812 11:12:18.106"></status>
</kw>
<status status="FAIL" starttime="20200812 11:12:18.103" endtime="20200812 11:12:18.106"></status>
</kw>
<status status="FAIL" starttime="20200812 11:12:18.103" endtime="20200812 11:12:18.107"></status>
</kw>
<status status="FAIL" starttime="20200812 11:12:18.103" endtime="20200812 11:12:18.107"></status>
</kw>
<status status="FAIL" starttime="20200812 11:12:18.102" endtime="20200812 11:12:18.107"></status>
</kw>
<status status="FAIL" starttime="20200812 11:12:18.102" endtime="20200812 11:12:18.107"></status>
</kw>
<status status="FAIL" starttime="20200812 11:12:18.102" endtime="20200812 11:12:18.107"></status>
</kw>
<status status="FAIL" starttime="20200812 11:12:18.101" endtime="20200812 11:12:18.108"></status>
</kw>
<status status="FAIL" starttime="20200812 11:12:18.101" endtime="20200812 11:12:18.108"></status>
</kw>
<status status="FAIL" starttime="20200812 11:12:18.101" endtime="20200812 11:12:18.108"></status>
</kw>
<status status="FAIL" starttime="20200812 11:12:18.100" endtime="20200812 11:12:18.108"></status>
</kw>
<status status="FAIL" starttime="20200812 11:12:18.100" endtime="20200812 11:12:18.108"></status>
</kw>
<status status="FAIL" starttime="20200812 11:12:18.100" endtime="20200812 11:12:18.108"></status>
</kw>
<status status="FAIL" starttime="20200812 11:12:18.099" endtime="20200812 11:12:18.109"></status>
</kw>
<status status="FAIL" starttime="20200812 11:12:18.099" endtime="20200812 11:12:18.109"></status>
</kw>
<status status="FAIL" starttime="20200812 11:12:18.099" endtime="20200812 11:12:18.109"></status>
</kw>
<status status="FAIL" starttime="20200812 11:12:18.098" endtime="20200812 11:12:18.109"></status>
</kw>
<status status="FAIL" starttime="20200812 11:12:18.098" endtime="20200812 11:12:18.109"></status>
</kw>
<status status="FAIL" starttime="20200812 11:12:18.098" endtime="20200812 11:12:18.110"></status>
</kw>
<status status="FAIL" starttime="20200812 11:12:18.097" endtime="20200812 11:12:18.110"></status>
</kw>
<status status="FAIL" starttime="20200812 11:12:18.097" endtime="20200812 11:12:18.110"></status>
</kw>
<status status="FAIL" starttime="20200812 11:12:18.097" endtime="20200812 11:12:18.110"></status>
</kw>
<status status="FAIL" starttime="20200812 11:12:18.097" endtime="20200812 11:12:18.110"></status>
</kw>
<status status="FAIL" starttime="20200812 11:12:18.096" endtime="20200812 11:12:18.111"></status>
</kw>
<status status="FAIL" starttime="20200812 11:12:18.096" endtime="20200812 11:12:18.111"></status>
</kw>
<status status="FAIL" starttime="20200812 11:12:18.095" endtime="20200812 11:12:18.111"></status>
</kw>
<status status="FAIL" starttime="20200812 11:12:18.095" endtime="20200812 11:12:18.111"></status>
</kw>
<status status="FAIL" starttime="20200812 11:12:18.095" endtime="20200812 11:12:18.111"></status>
</kw>
<status status="FAIL" starttime="20200812 11:12:18.094" endtime="20200812 11:12:18.112"></status>
</kw>
<status status="FAIL" starttime="20200812 11:12:18.094" endtime="20200812 11:12:18.112"></status>
</kw>
<status status="FAIL" starttime="20200812 11:12:18.094" endtime="20200812 11:12:18.112"></status>
</kw>
<status status="FAIL" starttime="20200812 11:12:18.094" endtime="20200812 11:12:18.112"></status>
</kw>
<status status="FAIL" starttime="20200812 11:12:18.093" endtime="20200812 11:12:18.112"></status>
</kw>
<status status="FAIL" starttime="20200812 11:12:18.093" endtime="20200812 11:12:18.112"></status>
</kw>
<status status="FAIL" starttime="20200812 11:12:18.093" endtime="20200812 11:12:18.113"></status>
</kw>
<status status="FAIL" starttime="20200812 11:12:18.092" endtime="20200812 11:12:18.113"></status>
</kw>
<status status="FAIL" starttime="20200812 11:12:18.092" endtime="20200812 11:12:18.113"></status>
</kw>
<status status="FAIL" starttime="20200812 11:12:18.092" endtime="20200812 11:12:18.113"></status>
</kw>
<status status="FAIL" starttime="20200812 11:11:23.891" endtime="20200812 11:12:18.114" critical="yes">Maximum limit of started keywords exceeded.</status>
</test>
<status status="FAIL" starttime="20200812 11:11:22.626" endtime="20200812 11:12:18.117"></status>
</suite>
<statistics>
<total>
<stat pass="0" fail="1">Critical Tests</stat>
<stat pass="0" fail="1">All Tests</stat>
</total>
<tag>
</tag>
<suite>
<stat pass="0" fail="1" id="s1" name="Api20 Tokens Pairs">Api20 Tokens Pairs</stat>
</suite>
</statistics>
<errors>
</errors>
</robot>
